{
"contracts/interfaces/IAaveLendingPool.sol":{"l":{},"path":"/Users/jonjon/Code/learning/DemocracyDAOv1/contracts/interfaces/IAaveLendingPool.sol","s":{},"b":{},"f":{},"fnMap":{},"statementMap":{},"branchMap":{}},
"contracts/interfaces/IADai.sol":{"l":{},"path":"/Users/jonjon/Code/learning/DemocracyDAOv1/contracts/interfaces/IADai.sol","s":{},"b":{},"f":{},"fnMap":{},"statementMap":{},"branchMap":{}},
"contracts/interfaces/IERC20.sol":{"l":{},"path":"/Users/jonjon/Code/learning/DemocracyDAOv1/contracts/interfaces/IERC20.sol","s":{},"b":{},"f":{},"fnMap":{},"statementMap":{},"branchMap":{}},
"contracts/interfaces/ILendingPoolAddressesProvider.sol":{"l":{},"path":"/Users/jonjon/Code/learning/DemocracyDAOv1/contracts/interfaces/ILendingPoolAddressesProvider.sol","s":{},"b":{},"f":{},"fnMap":{},"statementMap":{},"branchMap":{}},
"contracts/interfaces/INoLossDao.sol":{"l":{},"path":"/Users/jonjon/Code/learning/DemocracyDAOv1/contracts/interfaces/INoLossDao.sol","s":{},"b":{},"f":{},"fnMap":{},"statementMap":{},"branchMap":{}},
"contracts/interfaces/IPoolDeposits.sol":{"l":{},"path":"/Users/jonjon/Code/learning/DemocracyDAOv1/contracts/interfaces/IPoolDeposits.sol","s":{},"b":{},"f":{"1":0},"fnMap":{"1":{"name":"usersVotingCreditAndVoteIncentiveState","line":7,"loc":{"start":{"line":7,"column":4},"end":{"line":11,"column":5}}}},"statementMap":{},"branchMap":{}},
"contracts/mocks/AaveLendingPool.sol":{"l":{"16":47,"17":47,"26":87,"28":87,"33":87},"path":"/Users/jonjon/Code/learning/DemocracyDAOv1/contracts/mocks/AaveLendingPool.sol","s":{"1":47,"2":47,"3":87,"4":87,"5":87},"b":{},"f":{"1":47,"2":87},"fnMap":{"1":{"name":"constructor","line":15,"loc":{"start":{"line":15,"column":4},"end":{"line":15,"column":65}}},"2":{"name":"deposit","line":20,"loc":{"start":{"line":20,"column":4},"end":{"line":24,"column":14}}}},"statementMap":{"1":{"start":{"line":16,"column":8},"end":{"line":16,"column":25}},"2":{"start":{"line":17,"column":8},"end":{"line":17,"column":23}},"3":{"start":{"line":26,"column":8},"end":{"line":26,"column":40}},"4":{"start":{"line":28,"column":8},"end":{"line":28,"column":39}},"5":{"start":{"line":33,"column":8},"end":{"line":33,"column":36}}},"branchMap":{}},
"contracts/mocks/ADai.sol":{"l":{"18":47,"24":40,"26":40},"path":"/Users/jonjon/Code/learning/DemocracyDAOv1/contracts/mocks/ADai.sol","s":{"1":47,"2":40,"3":40},"b":{},"f":{"1":47,"2":40},"fnMap":{"1":{"name":"constructor","line":14,"loc":{"start":{"line":14,"column":4},"end":{"line":17,"column":5}}},"2":{"name":"redeem","line":21,"loc":{"start":{"line":21,"column":4},"end":{"line":21,"column":41}}}},"statementMap":{"1":{"start":{"line":18,"column":8},"end":{"line":18,"column":23}},"2":{"start":{"line":24,"column":8},"end":{"line":24,"column":41}},"3":{"start":{"line":26,"column":8},"end":{"line":26,"column":36}}},"branchMap":{}},
"contracts/mocks/LendingPoolAddressesProvider.sol":{"l":{"11":47,"15":87,"19":87},"path":"/Users/jonjon/Code/learning/DemocracyDAOv1/contracts/mocks/LendingPoolAddressesProvider.sol","s":{"1":47,"2":87,"3":87},"b":{},"f":{"1":47,"2":87,"3":87},"fnMap":{"1":{"name":"constructor","line":10,"loc":{"start":{"line":10,"column":2},"end":{"line":10,"column":60}}},"2":{"name":"getLendingPool","line":14,"loc":{"start":{"line":14,"column":2},"end":{"line":14,"column":57}}},"3":{"name":"getLendingPoolCore","line":18,"loc":{"start":{"line":18,"column":2},"end":{"line":18,"column":61}}}},"statementMap":{"1":{"start":{"line":11,"column":4},"end":{"line":11,"column":43}},"2":{"start":{"line":15,"column":4},"end":{"line":15,"column":35}},"3":{"start":{"line":19,"column":4},"end":{"line":19,"column":35}}},"branchMap":{}},
"contracts/mocks/MockERC20.sol":{"l":{"24":94,"25":94,"26":94,"27":94,"31":216,"32":216,"36":127,"40":177,"41":177,"45":40,"46":40,"47":40,"55":100,"62":87,"63":87,"64":87,"68":157},"path":"/Users/jonjon/Code/learning/DemocracyDAOv1/contracts/mocks/MockERC20.sol","s":{"1":94,"2":94,"3":94,"4":94,"5":216,"6":216,"7":127,"8":177,"9":177,"10":40,"11":40,"12":40,"13":100,"14":87,"15":87,"16":87,"17":157},"b":{},"f":{"1":94,"2":216,"3":127,"4":177,"5":40,"6":100,"7":87,"8":157},"fnMap":{"1":{"name":"constructor","line":18,"loc":{"start":{"line":18,"column":2},"end":{"line":23,"column":12}}},"2":{"name":"mint","line":30,"loc":{"start":{"line":30,"column":2},"end":{"line":30,"column":67}}},"3":{"name":"burnFrom","line":35,"loc":{"start":{"line":35,"column":2},"end":{"line":35,"column":56}}},"4":{"name":"approve","line":39,"loc":{"start":{"line":39,"column":2},"end":{"line":39,"column":72}}},"5":{"name":"transfer","line":44,"loc":{"start":{"line":44,"column":2},"end":{"line":44,"column":71}}},"6":{"name":"allowance","line":50,"loc":{"start":{"line":50,"column":2},"end":{"line":54,"column":3}}},"7":{"name":"transferFrom","line":58,"loc":{"start":{"line":58,"column":2},"end":{"line":61,"column":3}}},"8":{"name":"balanceOf","line":67,"loc":{"start":{"line":67,"column":2},"end":{"line":67,"column":66}}}},"statementMap":{"1":{"start":{"line":24,"column":4},"end":{"line":24,"column":15}},"2":{"start":{"line":25,"column":4},"end":{"line":25,"column":19}},"3":{"start":{"line":26,"column":4},"end":{"line":26,"column":23}},"4":{"start":{"line":27,"column":4},"end":{"line":27,"column":19}},"5":{"start":{"line":31,"column":4},"end":{"line":31,"column":48}},"6":{"start":{"line":32,"column":4},"end":{"line":32,"column":15}},"7":{"start":{"line":36,"column":4},"end":{"line":36,"column":48}},"8":{"start":{"line":40,"column":4},"end":{"line":40,"column":40}},"9":{"start":{"line":41,"column":4},"end":{"line":41,"column":15}},"10":{"start":{"line":45,"column":4},"end":{"line":45,"column":60}},"11":{"start":{"line":46,"column":4},"end":{"line":46,"column":44}},"12":{"start":{"line":47,"column":4},"end":{"line":47,"column":15}},"13":{"start":{"line":55,"column":4},"end":{"line":55,"column":37}},"14":{"start":{"line":62,"column":4},"end":{"line":62,"column":52}},"15":{"start":{"line":63,"column":4},"end":{"line":63,"column":44}},"16":{"start":{"line":64,"column":4},"end":{"line":64,"column":15}},"17":{"start":{"line":68,"column":4},"end":{"line":68,"column":26}}},"branchMap":{}},
"contracts/NoLossDao_v0.sol":{"l":{"99":6,"100":2,"104":49,"108":45,"112":14,"116":8,"120":31,"121":29,"122":27,"129":49,"133":39,"137":16,"141":12,"145":55,"149":53,"153":60,"154":58,"158":61,"162":57,"166":19,"170":11,"174":22,"175":22,"193":35,"197":31,"201":12,"205":4,"208":73,"209":51,"213":121,"217":117,"227":47,"228":47,"229":47,"230":47,"232":47,"242":1,"248":1,"254":0,"263":0,"264":0,"272":0,"273":0,"278":27,"279":0,"300":52,"301":52,"314":6,"315":6,"326":35,"328":35,"329":35,"330":35,"331":35,"332":35,"333":35,"334":35,"349":4,"350":4,"351":4,"352":4,"353":4,"365":27,"366":21,"367":21,"376":21,"378":21,"386":21,"390":5,"394":5,"410":8,"411":8,"430":22,"431":20,"458":5,"459":5,"460":5,"479":27,"480":27,"481":27,"483":25,"486":25,"490":25,"495":25,"499":17,"559":51,"562":51,"565":51,"566":7,"569":51,"570":51,"572":51},"path":"/Users/jonjon/Code/learning/DemocracyDAOv1/contracts/NoLossDao_v0.sol","s":{"1":6,"2":49,"3":14,"4":31,"5":29,"6":49,"7":16,"8":55,"9":60,"10":61,"11":19,"12":22,"13":35,"14":12,"15":73,"16":121,"17":47,"18":47,"19":47,"20":47,"21":47,"22":1,"23":1,"24":0,"25":0,"26":0,"27":0,"28":0,"29":27,"30":0,"31":52,"32":52,"33":6,"34":6,"35":35,"36":35,"37":35,"38":35,"39":35,"40":35,"41":35,"42":35,"43":4,"44":4,"45":4,"46":4,"47":4,"48":27,"49":21,"50":21,"51":21,"52":21,"53":21,"54":5,"55":5,"56":8,"57":8,"58":22,"59":20,"60":5,"61":5,"62":5,"63":27,"64":27,"65":27,"66":25,"67":25,"68":25,"69":25,"70":17,"71":51,"72":51,"73":51,"74":7,"75":51,"76":51,"77":51},"b":{"1":[2,4],"2":[45,4],"3":[8,6],"4":[29,2],"5":[27,2],"6":[39,10],"7":[12,4],"8":[53,2],"9":[58,2],"10":[57,4],"11":[11,8],"12":[31,4],"13":[4,8],"14":[51,22],"15":[117,4],"16":[0,27],"17":[0,0],"18":[21,6],"19":[5,16],"20":[17,8],"21":[7,44]},"f":{"1":6,"2":49,"3":14,"4":31,"5":49,"6":16,"7":55,"8":60,"9":61,"10":19,"11":22,"12":35,"13":12,"14":73,"15":121,"16":47,"17":1,"18":1,"19":0,"20":0,"21":0,"22":27,"23":52,"24":6,"25":35,"26":4,"27":27,"28":8,"29":22,"30":5,"31":27,"32":51},"fnMap":{"1":{"name":"onlyAdmin","line":98,"loc":{"start":{"line":98,"column":4},"end":{"line":98,"column":22}}},"2":{"name":"userStaked","line":103,"loc":{"start":{"line":103,"column":4},"end":{"line":103,"column":43}}},"3":{"name":"noVoteYet","line":111,"loc":{"start":{"line":111,"column":4},"end":{"line":111,"column":42}}},"4":{"name":"quadraticCorrect","line":119,"loc":{"start":{"line":119,"column":4},"end":{"line":119,"column":57}}},"5":{"name":"noVoteYetOnThisProposal","line":125,"loc":{"start":{"line":125,"column":4},"end":{"line":128,"column":7}}},"6":{"name":"userHasActiveProposal","line":136,"loc":{"start":{"line":136,"column":4},"end":{"line":136,"column":54}}},"7":{"name":"userHasNoActiveProposal","line":144,"loc":{"start":{"line":144,"column":4},"end":{"line":144,"column":56}}},"8":{"name":"userHasNoProposal","line":152,"loc":{"start":{"line":152,"column":4},"end":{"line":152,"column":50}}},"9":{"name":"proposalActive","line":157,"loc":{"start":{"line":157,"column":4},"end":{"line":157,"column":41}}},"10":{"name":"proxyRight","line":165,"loc":{"start":{"line":165,"column":4},"end":{"line":165,"column":44}}},"11":{"name":"isEligibleToVote","line":173,"loc":{"start":{"line":173,"column":4},"end":{"line":173,"column":41}}},"12":{"name":"joinedInTime","line":192,"loc":{"start":{"line":192,"column":4},"end":{"line":192,"column":45}}},"13":{"name":"lockInFulfilled","line":200,"loc":{"start":{"line":200,"column":4},"end":{"line":200,"column":48}}},"14":{"name":"iterationElapsed","line":207,"loc":{"start":{"line":207,"column":4},"end":{"line":207,"column":29}}},"15":{"name":"depositContractOnly","line":212,"loc":{"start":{"line":212,"column":4},"end":{"line":212,"column":32}}},"16":{"name":"initialize","line":223,"loc":{"start":{"line":223,"column":4},"end":{"line":226,"column":5}}},"17":{"name":"changeVotingInterval","line":241,"loc":{"start":{"line":241,"column":4},"end":{"line":241,"column":69}}},"18":{"name":"changeProposalStakingAmount","line":247,"loc":{"start":{"line":247,"column":4},"end":{"line":247,"column":71}}},"19":{"name":"setWhiteListVotingOnly","line":253,"loc":{"start":{"line":253,"column":4},"end":{"line":253,"column":75}}},"20":{"name":"whiteListUsers","line":259,"loc":{"start":{"line":259,"column":4},"end":{"line":262,"column":5}}},"21":{"name":"blackListUsers","line":268,"loc":{"start":{"line":268,"column":4},"end":{"line":271,"column":5}}},"22":{"name":"_isEligibleToVote","line":277,"loc":{"start":{"line":277,"column":4},"end":{"line":277,"column":51}}},"23":{"name":"noLossDeposit","line":294,"loc":{"start":{"line":294,"column":4},"end":{"line":299,"column":5}}},"24":{"name":"noLossWithdraw","line":307,"loc":{"start":{"line":307,"column":4},"end":{"line":313,"column":5}}},"25":{"name":"noLossCreateProposal","line":322,"loc":{"start":{"line":322,"column":4},"end":{"line":325,"column":68}}},"26":{"name":"noLossWithdrawProposal","line":342,"loc":{"start":{"line":342,"column":4},"end":{"line":348,"column":5}}},"27":{"name":"_resetUsersVotingCreditIfFirstVoteThisIteration","line":362,"loc":{"start":{"line":362,"column":4},"end":{"line":364,"column":16}}},"28":{"name":"delegateVoting","line":404,"loc":{"start":{"line":404,"column":4},"end":{"line":409,"column":5}}},"29":{"name":"voteDirect","line":416,"loc":{"start":{"line":416,"column":4},"end":{"line":429,"column":5}}},"30":{"name":"voteProxy","line":443,"loc":{"start":{"line":443,"column":4},"end":{"line":457,"column":5}}},"31":{"name":"_vote","line":473,"loc":{"start":{"line":473,"column":4},"end":{"line":478,"column":16}}},"32":{"name":"distributeFunds","line":558,"loc":{"start":{"line":558,"column":4},"end":{"line":558,"column":54}}}},"statementMap":{"1":{"start":{"line":99,"column":8},"end":{"line":99,"column":48}},"2":{"start":{"line":104,"column":8},"end":{"line":104,"column":3956}},"3":{"start":{"line":112,"column":8},"end":{"line":112,"column":4141}},"4":{"start":{"line":120,"column":8},"end":{"line":120,"column":65}},"5":{"start":{"line":121,"column":8},"end":{"line":121,"column":48}},"6":{"start":{"line":129,"column":8},"end":{"line":129,"column":4624}},"7":{"start":{"line":137,"column":8},"end":{"line":137,"column":4875}},"8":{"start":{"line":145,"column":8},"end":{"line":145,"column":5103}},"9":{"start":{"line":153,"column":8},"end":{"line":153,"column":77}},"10":{"start":{"line":158,"column":8},"end":{"line":158,"column":5468}},"11":{"start":{"line":166,"column":8},"end":{"line":166,"column":5651}},"12":{"start":{"line":174,"column":8},"end":{"line":174,"column":30}},"13":{"start":{"line":193,"column":8},"end":{"line":193,"column":6520}},"14":{"start":{"line":201,"column":8},"end":{"line":201,"column":6738}},"15":{"start":{"line":208,"column":8},"end":{"line":208,"column":70}},"16":{"start":{"line":213,"column":8},"end":{"line":213,"column":7097}},"17":{"start":{"line":227,"column":8},"end":{"line":227,"column":62}},"18":{"start":{"line":228,"column":8},"end":{"line":228,"column":25}},"19":{"start":{"line":229,"column":8},"end":{"line":229,"column":39}},"20":{"start":{"line":230,"column":8},"end":{"line":230,"column":50}},"21":{"start":{"line":232,"column":8},"end":{"line":232,"column":49}},"22":{"start":{"line":242,"column":8},"end":{"line":242,"column":35}},"23":{"start":{"line":248,"column":8},"end":{"line":248,"column":51}},"24":{"start":{"line":254,"column":8},"end":{"line":254,"column":45}},"25":{"start":{"line":263,"column":8},"end":{"line":263,"column":9082}},"26":{"start":{"line":264,"column":12},"end":{"line":264,"column":61}},"27":{"start":{"line":272,"column":8},"end":{"line":272,"column":9327}},"28":{"start":{"line":273,"column":12},"end":{"line":273,"column":62}},"29":{"start":{"line":278,"column":8},"end":{"line":278,"column":9527}},"30":{"start":{"line":279,"column":12},"end":{"line":279,"column":9568}},"31":{"start":{"line":300,"column":8},"end":{"line":300,"column":55}},"32":{"start":{"line":301,"column":8},"end":{"line":301,"column":19}},"33":{"start":{"line":314,"column":8},"end":{"line":314,"column":39}},"34":{"start":{"line":315,"column":8},"end":{"line":315,"column":19}},"35":{"start":{"line":326,"column":8},"end":{"line":326,"column":37}},"36":{"start":{"line":328,"column":8},"end":{"line":328,"column":59}},"37":{"start":{"line":329,"column":8},"end":{"line":329,"column":52}},"38":{"start":{"line":330,"column":8},"end":{"line":330,"column":58}},"39":{"start":{"line":331,"column":8},"end":{"line":331,"column":47}},"40":{"start":{"line":332,"column":8},"end":{"line":332,"column":61}},"41":{"start":{"line":333,"column":8},"end":{"line":333,"column":77}},"42":{"start":{"line":334,"column":8},"end":{"line":334,"column":25}},"43":{"start":{"line":349,"column":8},"end":{"line":349,"column":78}},"44":{"start":{"line":350,"column":8},"end":{"line":350,"column":45}},"45":{"start":{"line":351,"column":8},"end":{"line":351,"column":61}},"46":{"start":{"line":352,"column":8},"end":{"line":352,"column":72}},"47":{"start":{"line":353,"column":8},"end":{"line":353,"column":19}},"48":{"start":{"line":365,"column":8},"end":{"line":365,"column":13406}},"49":{"start":{"line":366,"column":12},"end":{"line":366,"column":43}},"50":{"start":{"line":367,"column":12},"end":{"line":367,"column":13531}},"51":{"start":{"line":376,"column":12},"end":{"line":376,"column":73}},"52":{"start":{"line":378,"column":12},"end":{"line":378,"column":14137}},"53":{"start":{"line":386,"column":12},"end":{"line":386,"column":14548}},"54":{"start":{"line":390,"column":20},"end":{"line":390,"column":14828}},"55":{"start":{"line":394,"column":16},"end":{"line":394,"column":15023}},"56":{"start":{"line":410,"column":8},"end":{"line":410,"column":53}},"57":{"start":{"line":411,"column":8},"end":{"line":411,"column":56}},"58":{"start":{"line":430,"column":8},"end":{"line":430,"column":59}},"59":{"start":{"line":431,"column":8},"end":{"line":431,"column":16436}},"60":{"start":{"line":458,"column":8},"end":{"line":458,"column":39}},"61":{"start":{"line":459,"column":8},"end":{"line":459,"column":62}},"62":{"start":{"line":460,"column":8},"end":{"line":460,"column":17377}},"63":{"start":{"line":479,"column":8},"end":{"line":479,"column":67}},"64":{"start":{"line":480,"column":8},"end":{"line":480,"column":99}},"65":{"start":{"line":481,"column":8},"end":{"line":481,"column":18126}},"66":{"start":{"line":483,"column":8},"end":{"line":483,"column":90}},"67":{"start":{"line":486,"column":8},"end":{"line":486,"column":18453}},"68":{"start":{"line":490,"column":12},"end":{"line":490,"column":18654}},"69":{"start":{"line":495,"column":8},"end":{"line":495,"column":18818}},"70":{"start":{"line":499,"column":12},"end":{"line":499,"column":62}},"71":{"start":{"line":559,"column":8},"end":{"line":559,"column":68}},"72":{"start":{"line":562,"column":12},"end":{"line":562,"column":22090}},"73":{"start":{"line":565,"column":8},"end":{"line":565,"column":22135}},"74":{"start":{"line":566,"column":12},"end":{"line":566,"column":71}},"75":{"start":{"line":569,"column":8},"end":{"line":569,"column":49}},"76":{"start":{"line":570,"column":8},"end":{"line":570,"column":51}},"77":{"start":{"line":572,"column":8},"end":{"line":572,"column":65}}},"branchMap":{"1":{"line":99,"type":"if","locations":[{"start":{"line":99,"column":8},"end":{"line":99,"column":8}},{"start":{"line":99,"column":8},"end":{"line":99,"column":8}}]},"2":{"line":104,"type":"if","locations":[{"start":{"line":104,"column":8},"end":{"line":104,"column":8}},{"start":{"line":104,"column":8},"end":{"line":104,"column":8}}]},"3":{"line":112,"type":"if","locations":[{"start":{"line":112,"column":8},"end":{"line":112,"column":8}},{"start":{"line":112,"column":8},"end":{"line":112,"column":8}}]},"4":{"line":120,"type":"if","locations":[{"start":{"line":120,"column":8},"end":{"line":120,"column":8}},{"start":{"line":120,"column":8},"end":{"line":120,"column":8}}]},"5":{"line":121,"type":"if","locations":[{"start":{"line":121,"column":8},"end":{"line":121,"column":8}},{"start":{"line":121,"column":8},"end":{"line":121,"column":8}}]},"6":{"line":129,"type":"if","locations":[{"start":{"line":129,"column":8},"end":{"line":129,"column":8}},{"start":{"line":129,"column":8},"end":{"line":129,"column":8}}]},"7":{"line":137,"type":"if","locations":[{"start":{"line":137,"column":8},"end":{"line":137,"column":8}},{"start":{"line":137,"column":8},"end":{"line":137,"column":8}}]},"8":{"line":145,"type":"if","locations":[{"start":{"line":145,"column":8},"end":{"line":145,"column":8}},{"start":{"line":145,"column":8},"end":{"line":145,"column":8}}]},"9":{"line":153,"type":"if","locations":[{"start":{"line":153,"column":8},"end":{"line":153,"column":8}},{"start":{"line":153,"column":8},"end":{"line":153,"column":8}}]},"10":{"line":158,"type":"if","locations":[{"start":{"line":158,"column":8},"end":{"line":158,"column":8}},{"start":{"line":158,"column":8},"end":{"line":158,"column":8}}]},"11":{"line":166,"type":"if","locations":[{"start":{"line":166,"column":8},"end":{"line":166,"column":8}},{"start":{"line":166,"column":8},"end":{"line":166,"column":8}}]},"12":{"line":193,"type":"if","locations":[{"start":{"line":193,"column":8},"end":{"line":193,"column":8}},{"start":{"line":193,"column":8},"end":{"line":193,"column":8}}]},"13":{"line":201,"type":"if","locations":[{"start":{"line":201,"column":8},"end":{"line":201,"column":8}},{"start":{"line":201,"column":8},"end":{"line":201,"column":8}}]},"14":{"line":208,"type":"if","locations":[{"start":{"line":208,"column":8},"end":{"line":208,"column":8}},{"start":{"line":208,"column":8},"end":{"line":208,"column":8}}]},"15":{"line":213,"type":"if","locations":[{"start":{"line":213,"column":8},"end":{"line":213,"column":8}},{"start":{"line":213,"column":8},"end":{"line":213,"column":8}}]},"16":{"line":278,"type":"if","locations":[{"start":{"line":278,"column":8},"end":{"line":278,"column":8}},{"start":{"line":278,"column":8},"end":{"line":278,"column":8}}]},"17":{"line":279,"type":"if","locations":[{"start":{"line":279,"column":12},"end":{"line":279,"column":12}},{"start":{"line":279,"column":12},"end":{"line":279,"column":12}}]},"18":{"line":365,"type":"if","locations":[{"start":{"line":365,"column":8},"end":{"line":365,"column":8}},{"start":{"line":365,"column":8},"end":{"line":365,"column":8}}]},"19":{"line":386,"type":"if","locations":[{"start":{"line":386,"column":12},"end":{"line":386,"column":12}},{"start":{"line":386,"column":12},"end":{"line":386,"column":12}}]},"20":{"line":495,"type":"if","locations":[{"start":{"line":495,"column":8},"end":{"line":495,"column":8}},{"start":{"line":495,"column":8},"end":{"line":495,"column":8}}]},"21":{"line":565,"type":"if","locations":[{"start":{"line":565,"column":8},"end":{"line":565,"column":8}},{"start":{"line":565,"column":8},"end":{"line":565,"column":8}}]}}},
"contracts/PoolDeposits.sol":{"l":{"65":9,"69":5,"73":3,"76":16,"80":14,"83":91,"84":87,"87":9,"88":5,"92":14,"96":10,"104":6,"108":6,"112":99,"116":95,"120":95,"124":91,"128":105,"129":99,"133":41,"134":39,"138":54,"142":54,"149":0,"153":0,"170":47,"171":47,"172":47,"173":47,"174":47,"175":47,"176":47,"177":47,"186":1,"195":26,"205":87,"206":87,"208":87,"209":87,"210":87,"212":87,"213":87,"214":87,"219":35,"220":35,"222":35,"223":35,"225":35,"226":35,"239":52,"240":52,"241":52,"248":14,"249":14,"250":6,"263":35,"264":35,"268":35,"269":35,"274":16,"275":16,"276":4,"280":57,"289":5,"293":5,"295":5,"296":5,"305":3,"306":3,"316":5,"317":5,"328":10,"329":10,"330":10,"335":35,"336":35,"337":35,"338":4,"341":4},"path":"/Users/jonjon/Code/learning/DemocracyDAOv1/contracts/PoolDeposits.sol","s":{"1":9,"2":5,"3":16,"4":91,"5":9,"6":14,"7":6,"8":99,"9":95,"10":105,"11":41,"12":54,"13":0,"14":47,"15":47,"16":47,"17":47,"18":47,"19":47,"20":47,"21":47,"22":1,"23":26,"24":87,"25":87,"26":87,"27":87,"28":87,"29":87,"30":87,"31":87,"32":35,"33":35,"34":35,"35":35,"36":35,"37":35,"38":52,"39":52,"40":52,"41":14,"42":14,"43":6,"44":35,"45":35,"46":35,"47":35,"48":16,"49":16,"50":4,"51":57,"52":5,"53":5,"54":5,"55":5,"56":3,"57":3,"58":5,"59":5,"60":10,"61":10,"62":10,"63":35,"64":35,"65":35,"66":4,"67":4},"b":{"1":[5,4],"2":[3,2],"3":[14,2],"4":[87,4],"5":[5,4],"6":[10,4],"7":[6,0],"8":[95,4],"9":[91,4],"10":[99,6],"11":[39,2],"12":[54,0],"13":[0,0],"14":[5,0],"15":[4,31]},"f":{"1":9,"2":16,"3":91,"4":9,"5":14,"6":6,"7":99,"8":95,"9":105,"10":41,"11":54,"12":0,"13":47,"14":1,"15":26,"16":87,"17":35,"18":52,"19":14,"20":35,"21":16,"22":57,"23":5,"24":3,"25":5,"26":10,"27":35},"fnMap":{"1":{"name":"emergencyEnacted","line":64,"loc":{"start":{"line":64,"column":4},"end":{"line":64,"column":29}}},"2":{"name":"noEmergencyVoteYet","line":75,"loc":{"start":{"line":75,"column":4},"end":{"line":75,"column":31}}},"3":{"name":"stableState","line":82,"loc":{"start":{"line":82,"column":4},"end":{"line":82,"column":24}}},"4":{"name":"emergencyState","line":86,"loc":{"start":{"line":86,"column":4},"end":{"line":86,"column":27}}},"5":{"name":"eligibleToEmergencyVote","line":91,"loc":{"start":{"line":91,"column":4},"end":{"line":91,"column":36}}},"6":{"name":"noLossDaoContractOnly","line":103,"loc":{"start":{"line":103,"column":4},"end":{"line":103,"column":34}}},"7":{"name":"allowanceAvailable","line":111,"loc":{"start":{"line":111,"column":4},"end":{"line":111,"column":45}}},"8":{"name":"requiredDai","line":119,"loc":{"start":{"line":119,"column":4},"end":{"line":119,"column":38}}},"9":{"name":"blankUser","line":127,"loc":{"start":{"line":127,"column":4},"end":{"line":127,"column":22}}},"10":{"name":"userStaked","line":132,"loc":{"start":{"line":132,"column":4},"end":{"line":132,"column":23}}},"11":{"name":"thresholdAmount","line":137,"loc":{"start":{"line":137,"column":4},"end":{"line":137,"column":42}}},"12":{"name":"validInterestSplitInput","line":145,"loc":{"start":{"line":145,"column":4},"end":{"line":148,"column":7}}},"13":{"name":"constructor","line":159,"loc":{"start":{"line":159,"column":4},"end":{"line":169,"column":14}}},"14":{"name":"changeProposalAmount","line":182,"loc":{"start":{"line":182,"column":4},"end":{"line":185,"column":5}}},"15":{"name":"usersVotingCreditAndVoteIncentiveState","line":190,"loc":{"start":{"line":190,"column":4},"end":{"line":194,"column":5}}},"16":{"name":"_depositFunds","line":204,"loc":{"start":{"line":204,"column":4},"end":{"line":204,"column":49}}},"17":{"name":"_withdrawFunds","line":218,"loc":{"start":{"line":218,"column":4},"end":{"line":218,"column":36}}},"18":{"name":"deposit","line":231,"loc":{"start":{"line":231,"column":4},"end":{"line":238,"column":5}}},"19":{"name":"withdrawDeposit","line":247,"loc":{"start":{"line":247,"column":4},"end":{"line":247,"column":48}}},"20":{"name":"createProposal","line":255,"loc":{"start":{"line":255,"column":4},"end":{"line":262,"column":5}}},"21":{"name":"withdrawProposal","line":273,"loc":{"start":{"line":273,"column":4},"end":{"line":273,"column":38}}},"22":{"name":"interestAvailable","line":279,"loc":{"start":{"line":279,"column":4},"end":{"line":279,"column":75}}},"23":{"name":"payoutVotingIncentive","line":285,"loc":{"start":{"line":285,"column":4},"end":{"line":288,"column":5}}},"24":{"name":"declareStateOfEmergency","line":304,"loc":{"start":{"line":304,"column":4},"end":{"line":304,"column":62}}},"25":{"name":"emergencyWithdraw","line":315,"loc":{"start":{"line":315,"column":4},"end":{"line":315,"column":65}}},"26":{"name":"voteEmergency","line":322,"loc":{"start":{"line":322,"column":4},"end":{"line":327,"column":5}}},"27":{"name":"_removeEmergencyVote","line":334,"loc":{"start":{"line":334,"column":4},"end":{"line":334,"column":42}}}},"statementMap":{"1":{"start":{"line":65,"column":8},"end":{"line":65,"column":2364}},"2":{"start":{"line":69,"column":8},"end":{"line":69,"column":2535}},"3":{"start":{"line":76,"column":8},"end":{"line":76,"column":2788}},"4":{"start":{"line":83,"column":8},"end":{"line":83,"column":72}},"5":{"start":{"line":87,"column":8},"end":{"line":87,"column":75}},"6":{"start":{"line":92,"column":8},"end":{"line":92,"column":3324}},"7":{"start":{"line":104,"column":8},"end":{"line":104,"column":3731}},"8":{"start":{"line":112,"column":8},"end":{"line":112,"column":3994}},"9":{"start":{"line":120,"column":8},"end":{"line":120,"column":4229}},"10":{"start":{"line":128,"column":8},"end":{"line":128,"column":73}},"11":{"start":{"line":133,"column":8},"end":{"line":133,"column":65}},"12":{"start":{"line":138,"column":8},"end":{"line":138,"column":4658}},"13":{"start":{"line":149,"column":8},"end":{"line":149,"column":4929}},"14":{"start":{"line":170,"column":8},"end":{"line":170,"column":39}},"15":{"start":{"line":171,"column":8},"end":{"line":171,"column":75}},"16":{"start":{"line":172,"column":8},"end":{"line":172,"column":40}},"17":{"start":{"line":173,"column":8},"end":{"line":173,"column":55}},"18":{"start":{"line":174,"column":8},"end":{"line":174,"column":25}},"19":{"start":{"line":175,"column":8},"end":{"line":175,"column":39}},"20":{"start":{"line":176,"column":8},"end":{"line":176,"column":31}},"21":{"start":{"line":177,"column":8},"end":{"line":177,"column":51}},"22":{"start":{"line":186,"column":8},"end":{"line":186,"column":30}},"23":{"start":{"line":195,"column":8},"end":{"line":195,"column":6819}},"24":{"start":{"line":205,"column":8},"end":{"line":205,"column":72}},"25":{"start":{"line":206,"column":8},"end":{"line":206,"column":62}},"26":{"start":{"line":208,"column":8},"end":{"line":208,"column":66}},"27":{"start":{"line":209,"column":8},"end":{"line":209,"column":59}},"28":{"start":{"line":210,"column":8},"end":{"line":210,"column":68}},"29":{"start":{"line":212,"column":8},"end":{"line":212,"column":35}},"30":{"start":{"line":213,"column":8},"end":{"line":213,"column":40}},"31":{"start":{"line":214,"column":8},"end":{"line":214,"column":56}},"32":{"start":{"line":219,"column":8},"end":{"line":219,"column":49}},"33":{"start":{"line":220,"column":8},"end":{"line":220,"column":29}},"34":{"start":{"line":222,"column":8},"end":{"line":222,"column":35}},"35":{"start":{"line":223,"column":8},"end":{"line":223,"column":56}},"36":{"start":{"line":225,"column":8},"end":{"line":225,"column":34}},"37":{"start":{"line":226,"column":8},"end":{"line":226,"column":47}},"38":{"start":{"line":239,"column":8},"end":{"line":239,"column":28}},"39":{"start":{"line":240,"column":8},"end":{"line":240,"column":50}},"40":{"start":{"line":241,"column":8},"end":{"line":241,"column":45}},"41":{"start":{"line":248,"column":8},"end":{"line":248,"column":23}},"42":{"start":{"line":249,"column":8},"end":{"line":249,"column":51}},"43":{"start":{"line":250,"column":8},"end":{"line":250,"column":41}},"44":{"start":{"line":263,"column":8},"end":{"line":263,"column":36}},"45":{"start":{"line":264,"column":8},"end":{"line":264,"column":9468}},"46":{"start":{"line":268,"column":8},"end":{"line":268,"column":70}},"47":{"start":{"line":269,"column":8},"end":{"line":269,"column":25}},"48":{"start":{"line":274,"column":8},"end":{"line":274,"column":23}},"49":{"start":{"line":275,"column":8},"end":{"line":275,"column":59}},"50":{"start":{"line":276,"column":8},"end":{"line":276,"column":42}},"51":{"start":{"line":280,"column":8},"end":{"line":280,"column":10011}},"52":{"start":{"line":289,"column":8},"end":{"line":289,"column":10252}},"53":{"start":{"line":293,"column":8},"end":{"line":293,"column":40}},"54":{"start":{"line":295,"column":8},"end":{"line":295,"column":48}},"55":{"start":{"line":296,"column":8},"end":{"line":296,"column":46}},"56":{"start":{"line":305,"column":8},"end":{"line":305,"column":30}},"57":{"start":{"line":306,"column":8},"end":{"line":306,"column":10918}},"58":{"start":{"line":316,"column":8},"end":{"line":316,"column":23}},"59":{"start":{"line":317,"column":8},"end":{"line":317,"column":43}},"60":{"start":{"line":328,"column":8},"end":{"line":328,"column":40}},"61":{"start":{"line":329,"column":8},"end":{"line":329,"column":78}},"62":{"start":{"line":330,"column":8},"end":{"line":330,"column":64}},"63":{"start":{"line":335,"column":8},"end":{"line":335,"column":48}},"64":{"start":{"line":336,"column":8},"end":{"line":336,"column":41}},"65":{"start":{"line":337,"column":8},"end":{"line":337,"column":11994}},"66":{"start":{"line":338,"column":12},"end":{"line":338,"column":12032}},"67":{"start":{"line":341,"column":12},"end":{"line":341,"column":74}}},"branchMap":{"1":{"line":65,"type":"if","locations":[{"start":{"line":65,"column":8},"end":{"line":65,"column":8}},{"start":{"line":65,"column":8},"end":{"line":65,"column":8}}]},"2":{"line":69,"type":"if","locations":[{"start":{"line":69,"column":8},"end":{"line":69,"column":8}},{"start":{"line":69,"column":8},"end":{"line":69,"column":8}}]},"3":{"line":76,"type":"if","locations":[{"start":{"line":76,"column":8},"end":{"line":76,"column":8}},{"start":{"line":76,"column":8},"end":{"line":76,"column":8}}]},"4":{"line":83,"type":"if","locations":[{"start":{"line":83,"column":8},"end":{"line":83,"column":8}},{"start":{"line":83,"column":8},"end":{"line":83,"column":8}}]},"5":{"line":87,"type":"if","locations":[{"start":{"line":87,"column":8},"end":{"line":87,"column":8}},{"start":{"line":87,"column":8},"end":{"line":87,"column":8}}]},"6":{"line":92,"type":"if","locations":[{"start":{"line":92,"column":8},"end":{"line":92,"column":8}},{"start":{"line":92,"column":8},"end":{"line":92,"column":8}}]},"7":{"line":104,"type":"if","locations":[{"start":{"line":104,"column":8},"end":{"line":104,"column":8}},{"start":{"line":104,"column":8},"end":{"line":104,"column":8}}]},"8":{"line":112,"type":"if","locations":[{"start":{"line":112,"column":8},"end":{"line":112,"column":8}},{"start":{"line":112,"column":8},"end":{"line":112,"column":8}}]},"9":{"line":120,"type":"if","locations":[{"start":{"line":120,"column":8},"end":{"line":120,"column":8}},{"start":{"line":120,"column":8},"end":{"line":120,"column":8}}]},"10":{"line":128,"type":"if","locations":[{"start":{"line":128,"column":8},"end":{"line":128,"column":8}},{"start":{"line":128,"column":8},"end":{"line":128,"column":8}}]},"11":{"line":133,"type":"if","locations":[{"start":{"line":133,"column":8},"end":{"line":133,"column":8}},{"start":{"line":133,"column":8},"end":{"line":133,"column":8}}]},"12":{"line":138,"type":"if","locations":[{"start":{"line":138,"column":8},"end":{"line":138,"column":8}},{"start":{"line":138,"column":8},"end":{"line":138,"column":8}}]},"13":{"line":149,"type":"if","locations":[{"start":{"line":149,"column":8},"end":{"line":149,"column":8}},{"start":{"line":149,"column":8},"end":{"line":149,"column":8}}]},"14":{"line":289,"type":"if","locations":[{"start":{"line":289,"column":8},"end":{"line":289,"column":8}},{"start":{"line":289,"column":8},"end":{"line":289,"column":8}}]},"15":{"line":337,"type":"if","locations":[{"start":{"line":337,"column":8},"end":{"line":337,"column":8}},{"start":{"line":337,"column":8},"end":{"line":337,"column":8}}]}}}}
