{
"contracts/interfaces/IAaveLendingPool.sol":{"l":{},"path":"/Users/johanthan/Code/hackathons/DemocracyDAOv1/contracts/interfaces/IAaveLendingPool.sol","s":{},"b":{},"f":{},"fnMap":{},"statementMap":{},"branchMap":{}},
"contracts/interfaces/IADai.sol":{"l":{},"path":"/Users/johanthan/Code/hackathons/DemocracyDAOv1/contracts/interfaces/IADai.sol","s":{},"b":{},"f":{},"fnMap":{},"statementMap":{},"branchMap":{}},
"contracts/interfaces/IERC20.sol":{"l":{},"path":"/Users/johanthan/Code/hackathons/DemocracyDAOv1/contracts/interfaces/IERC20.sol","s":{},"b":{},"f":{},"fnMap":{},"statementMap":{},"branchMap":{}},
"contracts/interfaces/ILendingPoolAddressesProvider.sol":{"l":{},"path":"/Users/johanthan/Code/hackathons/DemocracyDAOv1/contracts/interfaces/ILendingPoolAddressesProvider.sol","s":{},"b":{},"f":{},"fnMap":{},"statementMap":{},"branchMap":{}},
"contracts/interfaces/INoLossDao.sol":{"l":{},"path":"/Users/johanthan/Code/hackathons/DemocracyDAOv1/contracts/interfaces/INoLossDao.sol","s":{},"b":{},"f":{},"fnMap":{},"statementMap":{},"branchMap":{}},
"contracts/interfaces/IPoolDeposits.sol":{"l":{},"path":"/Users/johanthan/Code/hackathons/DemocracyDAOv1/contracts/interfaces/IPoolDeposits.sol","s":{},"b":{},"f":{"1":0},"fnMap":{"1":{"name":"usersVotingCredit","line":7,"loc":{"start":{"line":7,"column":4},"end":{"line":7,"column":74}}}},"statementMap":{},"branchMap":{}},
"contracts/Migrations.sol":{"l":{"9":0,"13":0,"17":0,"21":0,"22":0},"path":"/Users/johanthan/Code/hackathons/DemocracyDAOv1/contracts/Migrations.sol","s":{"1":0,"2":0,"3":0,"4":0,"5":0},"b":{"1":[0,0]},"f":{"1":0,"2":0,"3":0,"4":0},"fnMap":{"1":{"name":"restricted","line":8,"loc":{"start":{"line":8,"column":2},"end":{"line":8,"column":23}}},"2":{"name":"constructor","line":12,"loc":{"start":{"line":12,"column":2},"end":{"line":12,"column":22}}},"3":{"name":"setCompleted","line":16,"loc":{"start":{"line":16,"column":2},"end":{"line":16,"column":60}}},"4":{"name":"upgrade","line":20,"loc":{"start":{"line":20,"column":2},"end":{"line":20,"column":57}}}},"statementMap":{"1":{"start":{"line":9,"column":4},"end":{"line":9,"column":30}},"2":{"start":{"line":13,"column":4},"end":{"line":13,"column":21}},"3":{"start":{"line":17,"column":4},"end":{"line":17,"column":39}},"4":{"start":{"line":21,"column":4},"end":{"line":21,"column":49}},"5":{"start":{"line":22,"column":4},"end":{"line":22,"column":50}}},"branchMap":{"1":{"line":9,"type":"if","locations":[{"start":{"line":9,"column":4},"end":{"line":9,"column":4}},{"start":{"line":9,"column":4},"end":{"line":9,"column":4}}]}}},
"contracts/mocks/AaveLendingPool.sol":{"l":{"16":46,"17":46,"26":82,"28":82,"33":82},"path":"/Users/johanthan/Code/hackathons/DemocracyDAOv1/contracts/mocks/AaveLendingPool.sol","s":{"1":46,"2":46,"3":82,"4":82,"5":82},"b":{},"f":{"1":46,"2":82},"fnMap":{"1":{"name":"constructor","line":15,"loc":{"start":{"line":15,"column":4},"end":{"line":15,"column":65}}},"2":{"name":"deposit","line":20,"loc":{"start":{"line":20,"column":4},"end":{"line":24,"column":14}}}},"statementMap":{"1":{"start":{"line":16,"column":8},"end":{"line":16,"column":25}},"2":{"start":{"line":17,"column":8},"end":{"line":17,"column":23}},"3":{"start":{"line":26,"column":8},"end":{"line":26,"column":40}},"4":{"start":{"line":28,"column":8},"end":{"line":28,"column":39}},"5":{"start":{"line":33,"column":8},"end":{"line":33,"column":36}}},"branchMap":{}},
"contracts/mocks/ADai.sol":{"l":{"18":46,"24":84,"26":84},"path":"/Users/johanthan/Code/hackathons/DemocracyDAOv1/contracts/mocks/ADai.sol","s":{"1":46,"2":84,"3":84},"b":{},"f":{"1":46,"2":84},"fnMap":{"1":{"name":"constructor","line":14,"loc":{"start":{"line":14,"column":4},"end":{"line":17,"column":5}}},"2":{"name":"redeem","line":21,"loc":{"start":{"line":21,"column":4},"end":{"line":21,"column":41}}}},"statementMap":{"1":{"start":{"line":18,"column":8},"end":{"line":18,"column":23}},"2":{"start":{"line":24,"column":8},"end":{"line":24,"column":41}},"3":{"start":{"line":26,"column":8},"end":{"line":26,"column":36}}},"branchMap":{}},
"contracts/mocks/LendingPoolAddressesProvider.sol":{"l":{"11":46,"15":82,"19":82},"path":"/Users/johanthan/Code/hackathons/DemocracyDAOv1/contracts/mocks/LendingPoolAddressesProvider.sol","s":{"1":46,"2":82,"3":82},"b":{},"f":{"1":46,"2":82,"3":82},"fnMap":{"1":{"name":"constructor","line":10,"loc":{"start":{"line":10,"column":2},"end":{"line":10,"column":60}}},"2":{"name":"getLendingPool","line":14,"loc":{"start":{"line":14,"column":2},"end":{"line":14,"column":57}}},"3":{"name":"getLendingPoolCore","line":18,"loc":{"start":{"line":18,"column":2},"end":{"line":18,"column":61}}}},"statementMap":{"1":{"start":{"line":11,"column":4},"end":{"line":11,"column":43}},"2":{"start":{"line":15,"column":4},"end":{"line":15,"column":35}},"3":{"start":{"line":19,"column":4},"end":{"line":19,"column":35}}},"branchMap":{}},
"contracts/mocks/MockERC20.sol":{"l":{"24":92,"25":92,"26":92,"27":92,"31":250,"32":250,"36":166,"40":167,"41":167,"45":133,"46":133,"47":133,"55":95,"62":82,"63":82,"64":82,"68":142},"path":"/Users/johanthan/Code/hackathons/DemocracyDAOv1/contracts/mocks/MockERC20.sol","s":{"1":92,"2":92,"3":92,"4":92,"5":250,"6":250,"7":166,"8":167,"9":167,"10":133,"11":133,"12":133,"13":95,"14":82,"15":82,"16":82,"17":142},"b":{},"f":{"1":92,"2":250,"3":166,"4":167,"5":133,"6":95,"7":82,"8":142},"fnMap":{"1":{"name":"constructor","line":18,"loc":{"start":{"line":18,"column":2},"end":{"line":23,"column":12}}},"2":{"name":"mint","line":30,"loc":{"start":{"line":30,"column":2},"end":{"line":30,"column":67}}},"3":{"name":"burnFrom","line":35,"loc":{"start":{"line":35,"column":2},"end":{"line":35,"column":56}}},"4":{"name":"approve","line":39,"loc":{"start":{"line":39,"column":2},"end":{"line":39,"column":72}}},"5":{"name":"transfer","line":44,"loc":{"start":{"line":44,"column":2},"end":{"line":44,"column":71}}},"6":{"name":"allowance","line":50,"loc":{"start":{"line":50,"column":2},"end":{"line":54,"column":3}}},"7":{"name":"transferFrom","line":58,"loc":{"start":{"line":58,"column":2},"end":{"line":61,"column":3}}},"8":{"name":"balanceOf","line":67,"loc":{"start":{"line":67,"column":2},"end":{"line":67,"column":66}}}},"statementMap":{"1":{"start":{"line":24,"column":4},"end":{"line":24,"column":15}},"2":{"start":{"line":25,"column":4},"end":{"line":25,"column":19}},"3":{"start":{"line":26,"column":4},"end":{"line":26,"column":23}},"4":{"start":{"line":27,"column":4},"end":{"line":27,"column":19}},"5":{"start":{"line":31,"column":4},"end":{"line":31,"column":48}},"6":{"start":{"line":32,"column":4},"end":{"line":32,"column":15}},"7":{"start":{"line":36,"column":4},"end":{"line":36,"column":48}},"8":{"start":{"line":40,"column":4},"end":{"line":40,"column":40}},"9":{"start":{"line":41,"column":4},"end":{"line":41,"column":15}},"10":{"start":{"line":45,"column":4},"end":{"line":45,"column":60}},"11":{"start":{"line":46,"column":4},"end":{"line":46,"column":44}},"12":{"start":{"line":47,"column":4},"end":{"line":47,"column":15}},"13":{"start":{"line":55,"column":4},"end":{"line":55,"column":37}},"14":{"start":{"line":62,"column":4},"end":{"line":62,"column":52}},"15":{"start":{"line":63,"column":4},"end":{"line":63,"column":44}},"16":{"start":{"line":64,"column":4},"end":{"line":64,"column":15}},"17":{"start":{"line":68,"column":4},"end":{"line":68,"column":26}}},"branchMap":{}},
"contracts/NoLossDao_v0.sol":{"l":{"97":6,"98":2,"102":46,"106":42,"110":14,"114":8,"118":28,"119":26,"120":24,"127":46,"131":36,"135":16,"139":12,"143":52,"147":50,"151":56,"152":54,"156":58,"160":54,"164":19,"168":11,"175":32,"179":28,"183":12,"187":4,"190":69,"191":49,"195":116,"199":112,"209":46,"210":46,"211":46,"212":46,"213":46,"214":46,"216":46,"226":1,"232":1,"240":0,"244":0,"245":0,"246":0,"248":0,"250":0,"251":0,"252":0,"273":48,"274":48,"287":6,"288":6,"299":34,"301":34,"302":34,"303":34,"304":34,"305":34,"306":34,"307":34,"322":4,"323":4,"324":4,"325":4,"326":4,"338":24,"339":18,"352":8,"353":8,"371":19,"372":17,"399":5,"400":5,"419":24,"420":24,"421":24,"422":24,"424":22,"427":22,"431":22,"436":22,"440":15,"452":49,"455":49,"462":49,"463":49,"465":49},"path":"/Users/johanthan/Code/hackathons/DemocracyDAOv1/contracts/NoLossDao_v0.sol","s":{"1":6,"2":46,"3":14,"4":28,"5":26,"6":46,"7":16,"8":52,"9":56,"10":58,"11":19,"12":32,"13":12,"14":69,"15":116,"16":46,"17":46,"18":46,"19":46,"20":46,"21":46,"22":46,"23":1,"24":1,"25":0,"26":0,"27":0,"28":0,"29":0,"30":0,"31":0,"32":0,"33":48,"34":48,"35":6,"36":6,"37":34,"38":34,"39":34,"40":34,"41":34,"42":34,"43":34,"44":34,"45":4,"46":4,"47":4,"48":4,"49":4,"50":24,"51":18,"52":8,"53":8,"54":19,"55":17,"56":5,"57":5,"58":24,"59":24,"60":24,"61":24,"62":22,"63":22,"64":22,"65":22,"66":15,"67":49,"68":49,"69":49,"70":49,"71":49},"b":{"1":[2,4],"2":[42,4],"3":[8,6],"4":[26,2],"5":[24,2],"6":[36,10],"7":[12,4],"8":[50,2],"9":[54,2],"10":[54,4],"11":[11,8],"12":[28,4],"13":[4,8],"14":[49,20],"15":[112,4],"16":[0,0],"17":[0,0],"18":[18,6],"19":[15,7]},"f":{"1":6,"2":46,"3":14,"4":28,"5":46,"6":16,"7":52,"8":56,"9":58,"10":19,"11":32,"12":12,"13":69,"14":116,"15":46,"16":1,"17":1,"18":0,"19":48,"20":6,"21":34,"22":4,"23":24,"24":8,"25":19,"26":5,"27":24,"28":49},"fnMap":{"1":{"name":"onlyAdmin","line":96,"loc":{"start":{"line":96,"column":4},"end":{"line":96,"column":22}}},"2":{"name":"userStaked","line":101,"loc":{"start":{"line":101,"column":4},"end":{"line":101,"column":43}}},"3":{"name":"noVoteYet","line":109,"loc":{"start":{"line":109,"column":4},"end":{"line":109,"column":42}}},"4":{"name":"quadraticCorrect","line":117,"loc":{"start":{"line":117,"column":4},"end":{"line":117,"column":57}}},"5":{"name":"noVoteYetOnThisProposal","line":123,"loc":{"start":{"line":123,"column":4},"end":{"line":126,"column":7}}},"6":{"name":"userHasActiveProposal","line":134,"loc":{"start":{"line":134,"column":4},"end":{"line":134,"column":54}}},"7":{"name":"userHasNoActiveProposal","line":142,"loc":{"start":{"line":142,"column":4},"end":{"line":142,"column":56}}},"8":{"name":"userHasNoProposal","line":150,"loc":{"start":{"line":150,"column":4},"end":{"line":150,"column":50}}},"9":{"name":"proposalActive","line":155,"loc":{"start":{"line":155,"column":4},"end":{"line":155,"column":41}}},"10":{"name":"proxyRight","line":163,"loc":{"start":{"line":163,"column":4},"end":{"line":163,"column":44}}},"11":{"name":"joinedInTime","line":174,"loc":{"start":{"line":174,"column":4},"end":{"line":174,"column":45}}},"12":{"name":"lockInFulfilled","line":182,"loc":{"start":{"line":182,"column":4},"end":{"line":182,"column":48}}},"13":{"name":"iterationElapsed","line":189,"loc":{"start":{"line":189,"column":4},"end":{"line":189,"column":29}}},"14":{"name":"depositContractOnly","line":194,"loc":{"start":{"line":194,"column":4},"end":{"line":194,"column":32}}},"15":{"name":"initialize","line":205,"loc":{"start":{"line":205,"column":4},"end":{"line":208,"column":5}}},"16":{"name":"changeVotingInterval","line":225,"loc":{"start":{"line":225,"column":4},"end":{"line":225,"column":69}}},"17":{"name":"changeProposalStakingAmount","line":231,"loc":{"start":{"line":231,"column":4},"end":{"line":231,"column":71}}},"18":{"name":"setInterestReceivers","line":236,"loc":{"start":{"line":236,"column":4},"end":{"line":239,"column":24}}},"19":{"name":"noLossDeposit","line":267,"loc":{"start":{"line":267,"column":4},"end":{"line":272,"column":5}}},"20":{"name":"noLossWithdraw","line":280,"loc":{"start":{"line":280,"column":4},"end":{"line":286,"column":5}}},"21":{"name":"noLossCreateProposal","line":295,"loc":{"start":{"line":295,"column":4},"end":{"line":298,"column":68}}},"22":{"name":"noLossWithdrawProposal","line":315,"loc":{"start":{"line":315,"column":4},"end":{"line":321,"column":5}}},"23":{"name":"_resetUsersVotingCreditIfFirstVoteThisIteration","line":335,"loc":{"start":{"line":335,"column":4},"end":{"line":337,"column":16}}},"24":{"name":"delegateVoting","line":346,"loc":{"start":{"line":346,"column":4},"end":{"line":351,"column":5}}},"25":{"name":"voteDirect","line":358,"loc":{"start":{"line":358,"column":4},"end":{"line":370,"column":5}}},"26":{"name":"voteProxy","line":384,"loc":{"start":{"line":384,"column":4},"end":{"line":398,"column":5}}},"27":{"name":"_vote","line":413,"loc":{"start":{"line":413,"column":4},"end":{"line":418,"column":16}}},"28":{"name":"distributeFunds","line":451,"loc":{"start":{"line":451,"column":4},"end":{"line":451,"column":54}}}},"statementMap":{"1":{"start":{"line":97,"column":8},"end":{"line":97,"column":48}},"2":{"start":{"line":102,"column":8},"end":{"line":102,"column":3838}},"3":{"start":{"line":110,"column":8},"end":{"line":110,"column":4023}},"4":{"start":{"line":118,"column":8},"end":{"line":118,"column":65}},"5":{"start":{"line":119,"column":8},"end":{"line":119,"column":48}},"6":{"start":{"line":127,"column":8},"end":{"line":127,"column":4506}},"7":{"start":{"line":135,"column":8},"end":{"line":135,"column":4757}},"8":{"start":{"line":143,"column":8},"end":{"line":143,"column":4985}},"9":{"start":{"line":151,"column":8},"end":{"line":151,"column":77}},"10":{"start":{"line":156,"column":8},"end":{"line":156,"column":5350}},"11":{"start":{"line":164,"column":8},"end":{"line":164,"column":5533}},"12":{"start":{"line":175,"column":8},"end":{"line":175,"column":6003}},"13":{"start":{"line":183,"column":8},"end":{"line":183,"column":6221}},"14":{"start":{"line":190,"column":8},"end":{"line":190,"column":70}},"15":{"start":{"line":195,"column":8},"end":{"line":195,"column":6580}},"16":{"start":{"line":209,"column":8},"end":{"line":209,"column":62}},"17":{"start":{"line":210,"column":8},"end":{"line":210,"column":25}},"18":{"start":{"line":211,"column":8},"end":{"line":211,"column":39}},"19":{"start":{"line":212,"column":8},"end":{"line":212,"column":50}},"20":{"start":{"line":213,"column":8},"end":{"line":213,"column":36}},"21":{"start":{"line":214,"column":8},"end":{"line":214,"column":27}},"22":{"start":{"line":216,"column":8},"end":{"line":216,"column":49}},"23":{"start":{"line":226,"column":8},"end":{"line":226,"column":35}},"24":{"start":{"line":232,"column":8},"end":{"line":232,"column":51}},"25":{"start":{"line":240,"column":8},"end":{"line":240,"column":8237}},"26":{"start":{"line":244,"column":8},"end":{"line":244,"column":34}},"27":{"start":{"line":245,"column":8},"end":{"line":245,"column":8407}},"28":{"start":{"line":246,"column":12},"end":{"line":246,"column":63}},"29":{"start":{"line":248,"column":8},"end":{"line":248,"column":67}},"30":{"start":{"line":250,"column":8},"end":{"line":250,"column":45}},"31":{"start":{"line":251,"column":8},"end":{"line":251,"column":33}},"32":{"start":{"line":252,"column":8},"end":{"line":252,"column":8699}},"33":{"start":{"line":273,"column":8},"end":{"line":273,"column":55}},"34":{"start":{"line":274,"column":8},"end":{"line":274,"column":19}},"35":{"start":{"line":287,"column":8},"end":{"line":287,"column":39}},"36":{"start":{"line":288,"column":8},"end":{"line":288,"column":19}},"37":{"start":{"line":299,"column":8},"end":{"line":299,"column":37}},"38":{"start":{"line":301,"column":8},"end":{"line":301,"column":59}},"39":{"start":{"line":302,"column":8},"end":{"line":302,"column":52}},"40":{"start":{"line":303,"column":8},"end":{"line":303,"column":58}},"41":{"start":{"line":304,"column":8},"end":{"line":304,"column":47}},"42":{"start":{"line":305,"column":8},"end":{"line":305,"column":61}},"43":{"start":{"line":306,"column":8},"end":{"line":306,"column":77}},"44":{"start":{"line":307,"column":8},"end":{"line":307,"column":25}},"45":{"start":{"line":322,"column":8},"end":{"line":322,"column":78}},"46":{"start":{"line":323,"column":8},"end":{"line":323,"column":45}},"47":{"start":{"line":324,"column":8},"end":{"line":324,"column":61}},"48":{"start":{"line":325,"column":8},"end":{"line":325,"column":72}},"49":{"start":{"line":326,"column":8},"end":{"line":326,"column":19}},"50":{"start":{"line":338,"column":8},"end":{"line":338,"column":12523}},"51":{"start":{"line":339,"column":12},"end":{"line":339,"column":12638}},"52":{"start":{"line":352,"column":8},"end":{"line":352,"column":53}},"53":{"start":{"line":353,"column":8},"end":{"line":353,"column":56}},"54":{"start":{"line":371,"column":8},"end":{"line":371,"column":59}},"55":{"start":{"line":372,"column":8},"end":{"line":372,"column":13938}},"56":{"start":{"line":399,"column":8},"end":{"line":399,"column":62}},"57":{"start":{"line":400,"column":8},"end":{"line":400,"column":14837}},"58":{"start":{"line":419,"column":8},"end":{"line":419,"column":67}},"59":{"start":{"line":420,"column":8},"end":{"line":420,"column":99}},"60":{"start":{"line":421,"column":8},"end":{"line":421,"column":68}},"61":{"start":{"line":422,"column":8},"end":{"line":422,"column":15657}},"62":{"start":{"line":424,"column":8},"end":{"line":424,"column":90}},"63":{"start":{"line":427,"column":8},"end":{"line":427,"column":15984}},"64":{"start":{"line":431,"column":12},"end":{"line":431,"column":16185}},"65":{"start":{"line":436,"column":8},"end":{"line":436,"column":16349}},"66":{"start":{"line":440,"column":12},"end":{"line":440,"column":62}},"67":{"start":{"line":452,"column":8},"end":{"line":452,"column":40}},"68":{"start":{"line":455,"column":8},"end":{"line":455,"column":17368}},"69":{"start":{"line":462,"column":8},"end":{"line":462,"column":49}},"70":{"start":{"line":463,"column":8},"end":{"line":463,"column":51}},"71":{"start":{"line":465,"column":8},"end":{"line":465,"column":65}}},"branchMap":{"1":{"line":97,"type":"if","locations":[{"start":{"line":97,"column":8},"end":{"line":97,"column":8}},{"start":{"line":97,"column":8},"end":{"line":97,"column":8}}]},"2":{"line":102,"type":"if","locations":[{"start":{"line":102,"column":8},"end":{"line":102,"column":8}},{"start":{"line":102,"column":8},"end":{"line":102,"column":8}}]},"3":{"line":110,"type":"if","locations":[{"start":{"line":110,"column":8},"end":{"line":110,"column":8}},{"start":{"line":110,"column":8},"end":{"line":110,"column":8}}]},"4":{"line":118,"type":"if","locations":[{"start":{"line":118,"column":8},"end":{"line":118,"column":8}},{"start":{"line":118,"column":8},"end":{"line":118,"column":8}}]},"5":{"line":119,"type":"if","locations":[{"start":{"line":119,"column":8},"end":{"line":119,"column":8}},{"start":{"line":119,"column":8},"end":{"line":119,"column":8}}]},"6":{"line":127,"type":"if","locations":[{"start":{"line":127,"column":8},"end":{"line":127,"column":8}},{"start":{"line":127,"column":8},"end":{"line":127,"column":8}}]},"7":{"line":135,"type":"if","locations":[{"start":{"line":135,"column":8},"end":{"line":135,"column":8}},{"start":{"line":135,"column":8},"end":{"line":135,"column":8}}]},"8":{"line":143,"type":"if","locations":[{"start":{"line":143,"column":8},"end":{"line":143,"column":8}},{"start":{"line":143,"column":8},"end":{"line":143,"column":8}}]},"9":{"line":151,"type":"if","locations":[{"start":{"line":151,"column":8},"end":{"line":151,"column":8}},{"start":{"line":151,"column":8},"end":{"line":151,"column":8}}]},"10":{"line":156,"type":"if","locations":[{"start":{"line":156,"column":8},"end":{"line":156,"column":8}},{"start":{"line":156,"column":8},"end":{"line":156,"column":8}}]},"11":{"line":164,"type":"if","locations":[{"start":{"line":164,"column":8},"end":{"line":164,"column":8}},{"start":{"line":164,"column":8},"end":{"line":164,"column":8}}]},"12":{"line":175,"type":"if","locations":[{"start":{"line":175,"column":8},"end":{"line":175,"column":8}},{"start":{"line":175,"column":8},"end":{"line":175,"column":8}}]},"13":{"line":183,"type":"if","locations":[{"start":{"line":183,"column":8},"end":{"line":183,"column":8}},{"start":{"line":183,"column":8},"end":{"line":183,"column":8}}]},"14":{"line":190,"type":"if","locations":[{"start":{"line":190,"column":8},"end":{"line":190,"column":8}},{"start":{"line":190,"column":8},"end":{"line":190,"column":8}}]},"15":{"line":195,"type":"if","locations":[{"start":{"line":195,"column":8},"end":{"line":195,"column":8}},{"start":{"line":195,"column":8},"end":{"line":195,"column":8}}]},"16":{"line":240,"type":"if","locations":[{"start":{"line":240,"column":8},"end":{"line":240,"column":8}},{"start":{"line":240,"column":8},"end":{"line":240,"column":8}}]},"17":{"line":248,"type":"if","locations":[{"start":{"line":248,"column":8},"end":{"line":248,"column":8}},{"start":{"line":248,"column":8},"end":{"line":248,"column":8}}]},"18":{"line":338,"type":"if","locations":[{"start":{"line":338,"column":8},"end":{"line":338,"column":8}},{"start":{"line":338,"column":8},"end":{"line":338,"column":8}}]},"19":{"line":436,"type":"if","locations":[{"start":{"line":436,"column":8},"end":{"line":436,"column":8}},{"start":{"line":436,"column":8},"end":{"line":436,"column":8}}]}}},
"contracts/PoolDeposits.sol":{"l":{"65":9,"69":5,"73":3,"76":16,"80":14,"83":86,"84":82,"87":9,"88":5,"92":14,"96":10,"104":50,"108":50,"112":94,"116":90,"120":90,"124":86,"128":100,"129":94,"133":41,"134":39,"138":50,"142":50,"149":49,"153":49,"170":46,"171":46,"172":46,"173":46,"174":46,"175":46,"176":46,"177":46,"186":1,"191":21,"197":82,"198":82,"200":82,"201":82,"202":82,"204":82,"205":82,"206":82,"211":35,"212":35,"214":35,"215":35,"217":35,"218":35,"231":48,"232":48,"233":48,"240":14,"241":14,"242":6,"255":34,"256":34,"260":34,"261":34,"266":16,"267":16,"268":4,"284":49,"287":49,"289":49,"290":49,"291":49,"292":49,"293":49,"294":49,"297":49,"300":49,"301":49,"310":3,"311":3,"321":5,"322":5,"333":10,"334":10,"335":10,"340":35,"341":35,"342":35,"343":4,"346":4},"path":"/Users/johanthan/Code/hackathons/DemocracyDAOv1/contracts/PoolDeposits.sol","s":{"1":9,"2":5,"3":16,"4":86,"5":9,"6":14,"7":50,"8":94,"9":90,"10":100,"11":41,"12":50,"13":49,"14":46,"15":46,"16":46,"17":46,"18":46,"19":46,"20":46,"21":46,"22":1,"23":21,"24":82,"25":82,"26":82,"27":82,"28":82,"29":82,"30":82,"31":82,"32":35,"33":35,"34":35,"35":35,"36":35,"37":35,"38":48,"39":48,"40":48,"41":14,"42":14,"43":6,"44":34,"45":34,"46":34,"47":34,"48":16,"49":16,"50":4,"51":49,"52":49,"53":49,"54":49,"55":49,"56":49,"57":49,"58":49,"59":49,"60":49,"61":49,"62":3,"63":3,"64":5,"65":5,"66":10,"67":10,"68":10,"69":35,"70":35,"71":35,"72":4,"73":4},"b":{"1":[5,4],"2":[3,2],"3":[14,2],"4":[82,4],"5":[5,4],"6":[10,4],"7":[50,0],"8":[90,4],"9":[86,4],"10":[94,6],"11":[39,2],"12":[50,0],"13":[49,0],"14":[4,31]},"f":{"1":9,"2":16,"3":86,"4":9,"5":14,"6":50,"7":94,"8":90,"9":100,"10":41,"11":50,"12":49,"13":46,"14":1,"15":21,"16":82,"17":35,"18":48,"19":14,"20":34,"21":16,"22":49,"23":3,"24":5,"25":10,"26":35},"fnMap":{"1":{"name":"emergencyEnacted","line":64,"loc":{"start":{"line":64,"column":4},"end":{"line":64,"column":29}}},"2":{"name":"noEmergencyVoteYet","line":75,"loc":{"start":{"line":75,"column":4},"end":{"line":75,"column":31}}},"3":{"name":"stableState","line":82,"loc":{"start":{"line":82,"column":4},"end":{"line":82,"column":24}}},"4":{"name":"emergencyState","line":86,"loc":{"start":{"line":86,"column":4},"end":{"line":86,"column":27}}},"5":{"name":"eligibleToEmergencyVote","line":91,"loc":{"start":{"line":91,"column":4},"end":{"line":91,"column":36}}},"6":{"name":"noLossDaoContractOnly","line":103,"loc":{"start":{"line":103,"column":4},"end":{"line":103,"column":34}}},"7":{"name":"allowanceAvailable","line":111,"loc":{"start":{"line":111,"column":4},"end":{"line":111,"column":45}}},"8":{"name":"requiredDai","line":119,"loc":{"start":{"line":119,"column":4},"end":{"line":119,"column":38}}},"9":{"name":"blankUser","line":127,"loc":{"start":{"line":127,"column":4},"end":{"line":127,"column":22}}},"10":{"name":"userStaked","line":132,"loc":{"start":{"line":132,"column":4},"end":{"line":132,"column":23}}},"11":{"name":"thresholdAmount","line":137,"loc":{"start":{"line":137,"column":4},"end":{"line":137,"column":42}}},"12":{"name":"validInterestSplitInput","line":145,"loc":{"start":{"line":145,"column":4},"end":{"line":148,"column":7}}},"13":{"name":"constructor","line":159,"loc":{"start":{"line":159,"column":4},"end":{"line":169,"column":14}}},"14":{"name":"changeProposalAmount","line":182,"loc":{"start":{"line":182,"column":4},"end":{"line":185,"column":5}}},"15":{"name":"usersVotingCredit","line":190,"loc":{"start":{"line":190,"column":4},"end":{"line":190,"column":74}}},"16":{"name":"_depositFunds","line":196,"loc":{"start":{"line":196,"column":4},"end":{"line":196,"column":49}}},"17":{"name":"_withdrawFunds","line":210,"loc":{"start":{"line":210,"column":4},"end":{"line":210,"column":36}}},"18":{"name":"deposit","line":223,"loc":{"start":{"line":223,"column":4},"end":{"line":230,"column":5}}},"19":{"name":"withdrawDeposit","line":239,"loc":{"start":{"line":239,"column":4},"end":{"line":239,"column":48}}},"20":{"name":"createProposal","line":247,"loc":{"start":{"line":247,"column":4},"end":{"line":254,"column":5}}},"21":{"name":"withdrawProposal","line":265,"loc":{"start":{"line":265,"column":4},"end":{"line":265,"column":38}}},"22":{"name":"distributeInterest","line":274,"loc":{"start":{"line":274,"column":4},"end":{"line":283,"column":5}}},"23":{"name":"declareStateOfEmergency","line":309,"loc":{"start":{"line":309,"column":4},"end":{"line":309,"column":62}}},"24":{"name":"emergencyWithdraw","line":320,"loc":{"start":{"line":320,"column":4},"end":{"line":320,"column":65}}},"25":{"name":"voteEmergency","line":327,"loc":{"start":{"line":327,"column":4},"end":{"line":332,"column":5}}},"26":{"name":"_removeEmergencyVote","line":339,"loc":{"start":{"line":339,"column":4},"end":{"line":339,"column":42}}}},"statementMap":{"1":{"start":{"line":65,"column":8},"end":{"line":65,"column":2383}},"2":{"start":{"line":69,"column":8},"end":{"line":69,"column":2554}},"3":{"start":{"line":76,"column":8},"end":{"line":76,"column":2807}},"4":{"start":{"line":83,"column":8},"end":{"line":83,"column":72}},"5":{"start":{"line":87,"column":8},"end":{"line":87,"column":75}},"6":{"start":{"line":92,"column":8},"end":{"line":92,"column":3343}},"7":{"start":{"line":104,"column":8},"end":{"line":104,"column":3750}},"8":{"start":{"line":112,"column":8},"end":{"line":112,"column":4013}},"9":{"start":{"line":120,"column":8},"end":{"line":120,"column":4248}},"10":{"start":{"line":128,"column":8},"end":{"line":128,"column":73}},"11":{"start":{"line":133,"column":8},"end":{"line":133,"column":65}},"12":{"start":{"line":138,"column":8},"end":{"line":138,"column":4677}},"13":{"start":{"line":149,"column":8},"end":{"line":149,"column":4948}},"14":{"start":{"line":170,"column":8},"end":{"line":170,"column":39}},"15":{"start":{"line":171,"column":8},"end":{"line":171,"column":75}},"16":{"start":{"line":172,"column":8},"end":{"line":172,"column":40}},"17":{"start":{"line":173,"column":8},"end":{"line":173,"column":55}},"18":{"start":{"line":174,"column":8},"end":{"line":174,"column":25}},"19":{"start":{"line":175,"column":8},"end":{"line":175,"column":39}},"20":{"start":{"line":176,"column":8},"end":{"line":176,"column":31}},"21":{"start":{"line":177,"column":8},"end":{"line":177,"column":51}},"22":{"start":{"line":186,"column":8},"end":{"line":186,"column":30}},"23":{"start":{"line":191,"column":8},"end":{"line":191,"column":59}},"24":{"start":{"line":197,"column":8},"end":{"line":197,"column":72}},"25":{"start":{"line":198,"column":8},"end":{"line":198,"column":62}},"26":{"start":{"line":200,"column":8},"end":{"line":200,"column":66}},"27":{"start":{"line":201,"column":8},"end":{"line":201,"column":59}},"28":{"start":{"line":202,"column":8},"end":{"line":202,"column":68}},"29":{"start":{"line":204,"column":8},"end":{"line":204,"column":35}},"30":{"start":{"line":205,"column":8},"end":{"line":205,"column":40}},"31":{"start":{"line":206,"column":8},"end":{"line":206,"column":56}},"32":{"start":{"line":211,"column":8},"end":{"line":211,"column":49}},"33":{"start":{"line":212,"column":8},"end":{"line":212,"column":29}},"34":{"start":{"line":214,"column":8},"end":{"line":214,"column":35}},"35":{"start":{"line":215,"column":8},"end":{"line":215,"column":56}},"36":{"start":{"line":217,"column":8},"end":{"line":217,"column":34}},"37":{"start":{"line":218,"column":8},"end":{"line":218,"column":47}},"38":{"start":{"line":231,"column":8},"end":{"line":231,"column":28}},"39":{"start":{"line":232,"column":8},"end":{"line":232,"column":50}},"40":{"start":{"line":233,"column":8},"end":{"line":233,"column":45}},"41":{"start":{"line":240,"column":8},"end":{"line":240,"column":23}},"42":{"start":{"line":241,"column":8},"end":{"line":241,"column":51}},"43":{"start":{"line":242,"column":8},"end":{"line":242,"column":41}},"44":{"start":{"line":255,"column":8},"end":{"line":255,"column":36}},"45":{"start":{"line":256,"column":8},"end":{"line":256,"column":9165}},"46":{"start":{"line":260,"column":8},"end":{"line":260,"column":70}},"47":{"start":{"line":261,"column":8},"end":{"line":261,"column":25}},"48":{"start":{"line":266,"column":8},"end":{"line":266,"column":23}},"49":{"start":{"line":267,"column":8},"end":{"line":267,"column":59}},"50":{"start":{"line":268,"column":8},"end":{"line":268,"column":42}},"51":{"start":{"line":284,"column":8},"end":{"line":284,"column":10093}},"52":{"start":{"line":287,"column":8},"end":{"line":287,"column":42}},"53":{"start":{"line":289,"column":8},"end":{"line":289,"column":39}},"54":{"start":{"line":290,"column":8},"end":{"line":290,"column":10296}},"55":{"start":{"line":291,"column":12},"end":{"line":291,"column":66}},"56":{"start":{"line":292,"column":12},"end":{"line":292,"column":79}},"57":{"start":{"line":293,"column":12},"end":{"line":293,"column":59}},"58":{"start":{"line":294,"column":12},"end":{"line":294,"column":68}},"59":{"start":{"line":297,"column":8},"end":{"line":297,"column":10686}},"60":{"start":{"line":300,"column":8},"end":{"line":300,"column":57}},"61":{"start":{"line":301,"column":8},"end":{"line":301,"column":66}},"62":{"start":{"line":310,"column":8},"end":{"line":310,"column":30}},"63":{"start":{"line":311,"column":8},"end":{"line":311,"column":11329}},"64":{"start":{"line":321,"column":8},"end":{"line":321,"column":23}},"65":{"start":{"line":322,"column":8},"end":{"line":322,"column":43}},"66":{"start":{"line":333,"column":8},"end":{"line":333,"column":40}},"67":{"start":{"line":334,"column":8},"end":{"line":334,"column":78}},"68":{"start":{"line":335,"column":8},"end":{"line":335,"column":64}},"69":{"start":{"line":340,"column":8},"end":{"line":340,"column":48}},"70":{"start":{"line":341,"column":8},"end":{"line":341,"column":41}},"71":{"start":{"line":342,"column":8},"end":{"line":342,"column":12405}},"72":{"start":{"line":343,"column":12},"end":{"line":343,"column":12443}},"73":{"start":{"line":346,"column":12},"end":{"line":346,"column":74}}},"branchMap":{"1":{"line":65,"type":"if","locations":[{"start":{"line":65,"column":8},"end":{"line":65,"column":8}},{"start":{"line":65,"column":8},"end":{"line":65,"column":8}}]},"2":{"line":69,"type":"if","locations":[{"start":{"line":69,"column":8},"end":{"line":69,"column":8}},{"start":{"line":69,"column":8},"end":{"line":69,"column":8}}]},"3":{"line":76,"type":"if","locations":[{"start":{"line":76,"column":8},"end":{"line":76,"column":8}},{"start":{"line":76,"column":8},"end":{"line":76,"column":8}}]},"4":{"line":83,"type":"if","locations":[{"start":{"line":83,"column":8},"end":{"line":83,"column":8}},{"start":{"line":83,"column":8},"end":{"line":83,"column":8}}]},"5":{"line":87,"type":"if","locations":[{"start":{"line":87,"column":8},"end":{"line":87,"column":8}},{"start":{"line":87,"column":8},"end":{"line":87,"column":8}}]},"6":{"line":92,"type":"if","locations":[{"start":{"line":92,"column":8},"end":{"line":92,"column":8}},{"start":{"line":92,"column":8},"end":{"line":92,"column":8}}]},"7":{"line":104,"type":"if","locations":[{"start":{"line":104,"column":8},"end":{"line":104,"column":8}},{"start":{"line":104,"column":8},"end":{"line":104,"column":8}}]},"8":{"line":112,"type":"if","locations":[{"start":{"line":112,"column":8},"end":{"line":112,"column":8}},{"start":{"line":112,"column":8},"end":{"line":112,"column":8}}]},"9":{"line":120,"type":"if","locations":[{"start":{"line":120,"column":8},"end":{"line":120,"column":8}},{"start":{"line":120,"column":8},"end":{"line":120,"column":8}}]},"10":{"line":128,"type":"if","locations":[{"start":{"line":128,"column":8},"end":{"line":128,"column":8}},{"start":{"line":128,"column":8},"end":{"line":128,"column":8}}]},"11":{"line":133,"type":"if","locations":[{"start":{"line":133,"column":8},"end":{"line":133,"column":8}},{"start":{"line":133,"column":8},"end":{"line":133,"column":8}}]},"12":{"line":138,"type":"if","locations":[{"start":{"line":138,"column":8},"end":{"line":138,"column":8}},{"start":{"line":138,"column":8},"end":{"line":138,"column":8}}]},"13":{"line":149,"type":"if","locations":[{"start":{"line":149,"column":8},"end":{"line":149,"column":8}},{"start":{"line":149,"column":8},"end":{"line":149,"column":8}}]},"14":{"line":342,"type":"if","locations":[{"start":{"line":342,"column":8},"end":{"line":342,"column":8}},{"start":{"line":342,"column":8},"end":{"line":342,"column":8}}]}}}}
