TN:
SF:/Users/johanthan/Code/hackathons/DemocracyDAOv1/contracts/interfaces/IAaveLendingPool.sol
FNF:0
FNH:0
LF:0
LH:0
BRF:0
BRH:0
end_of_record
TN:
SF:/Users/johanthan/Code/hackathons/DemocracyDAOv1/contracts/interfaces/IADai.sol
FNF:0
FNH:0
LF:0
LH:0
BRF:0
BRH:0
end_of_record
TN:
SF:/Users/johanthan/Code/hackathons/DemocracyDAOv1/contracts/interfaces/IERC20.sol
FNF:0
FNH:0
LF:0
LH:0
BRF:0
BRH:0
end_of_record
TN:
SF:/Users/johanthan/Code/hackathons/DemocracyDAOv1/contracts/interfaces/ILendingPoolAddressesProvider.sol
FNF:0
FNH:0
LF:0
LH:0
BRF:0
BRH:0
end_of_record
TN:
SF:/Users/johanthan/Code/hackathons/DemocracyDAOv1/contracts/interfaces/INoLossDao.sol
FNF:0
FNH:0
LF:0
LH:0
BRF:0
BRH:0
end_of_record
TN:
SF:/Users/johanthan/Code/hackathons/DemocracyDAOv1/contracts/interfaces/IPoolDeposits.sol
FN:7,usersVotingCredit
FNF:1
FNH:0
FNDA:0,usersVotingCredit
LF:0
LH:0
BRF:0
BRH:0
end_of_record
TN:
SF:/Users/johanthan/Code/hackathons/DemocracyDAOv1/contracts/Migrations.sol
FN:8,restricted
FN:12,constructor
FN:16,setCompleted
FN:20,upgrade
FNF:4
FNH:0
FNDA:0,restricted
FNDA:0,constructor
FNDA:0,setCompleted
FNDA:0,upgrade
DA:9,0
DA:13,0
DA:17,0
DA:21,0
DA:22,0
LF:5
LH:0
BRDA:9,1,0,0
BRDA:9,1,1,0
BRF:2
BRH:0
end_of_record
TN:
SF:/Users/johanthan/Code/hackathons/DemocracyDAOv1/contracts/mocks/AaveLendingPool.sol
FN:15,constructor
FN:20,deposit
FNF:2
FNH:2
FNDA:46,constructor
FNDA:82,deposit
DA:16,46
DA:17,46
DA:26,82
DA:28,82
DA:33,82
LF:5
LH:5
BRF:0
BRH:0
end_of_record
TN:
SF:/Users/johanthan/Code/hackathons/DemocracyDAOv1/contracts/mocks/ADai.sol
FN:14,constructor
FN:21,redeem
FNF:2
FNH:2
FNDA:46,constructor
FNDA:84,redeem
DA:18,46
DA:24,84
DA:26,84
LF:3
LH:3
BRF:0
BRH:0
end_of_record
TN:
SF:/Users/johanthan/Code/hackathons/DemocracyDAOv1/contracts/mocks/LendingPoolAddressesProvider.sol
FN:10,constructor
FN:14,getLendingPool
FN:18,getLendingPoolCore
FNF:3
FNH:3
FNDA:46,constructor
FNDA:82,getLendingPool
FNDA:82,getLendingPoolCore
DA:11,46
DA:15,82
DA:19,82
LF:3
LH:3
BRF:0
BRH:0
end_of_record
TN:
SF:/Users/johanthan/Code/hackathons/DemocracyDAOv1/contracts/mocks/MockERC20.sol
FN:18,constructor
FN:30,mint
FN:35,burnFrom
FN:39,approve
FN:44,transfer
FN:50,allowance
FN:58,transferFrom
FN:67,balanceOf
FNF:8
FNH:8
FNDA:92,constructor
FNDA:250,mint
FNDA:166,burnFrom
FNDA:167,approve
FNDA:133,transfer
FNDA:95,allowance
FNDA:82,transferFrom
FNDA:142,balanceOf
DA:24,92
DA:25,92
DA:26,92
DA:27,92
DA:31,250
DA:32,250
DA:36,166
DA:40,167
DA:41,167
DA:45,133
DA:46,133
DA:47,133
DA:55,95
DA:62,82
DA:63,82
DA:64,82
DA:68,142
LF:17
LH:17
BRF:0
BRH:0
end_of_record
TN:
SF:/Users/johanthan/Code/hackathons/DemocracyDAOv1/contracts/NoLossDao_v0.sol
FN:96,onlyAdmin
FN:101,userStaked
FN:109,noVoteYet
FN:117,quadraticCorrect
FN:123,noVoteYetOnThisProposal
FN:134,userHasActiveProposal
FN:142,userHasNoActiveProposal
FN:150,userHasNoProposal
FN:155,proposalActive
FN:163,proxyRight
FN:174,joinedInTime
FN:182,lockInFulfilled
FN:189,iterationElapsed
FN:194,depositContractOnly
FN:205,initialize
FN:225,changeVotingInterval
FN:231,changeProposalStakingAmount
FN:236,setInterestReceivers
FN:267,noLossDeposit
FN:280,noLossWithdraw
FN:295,noLossCreateProposal
FN:315,noLossWithdrawProposal
FN:335,_resetUsersVotingCreditIfFirstVoteThisIteration
FN:346,delegateVoting
FN:358,voteDirect
FN:384,voteProxy
FN:413,_vote
FN:451,distributeFunds
FNF:28
FNH:27
FNDA:6,onlyAdmin
FNDA:46,userStaked
FNDA:14,noVoteYet
FNDA:28,quadraticCorrect
FNDA:46,noVoteYetOnThisProposal
FNDA:16,userHasActiveProposal
FNDA:52,userHasNoActiveProposal
FNDA:56,userHasNoProposal
FNDA:58,proposalActive
FNDA:19,proxyRight
FNDA:32,joinedInTime
FNDA:12,lockInFulfilled
FNDA:69,iterationElapsed
FNDA:116,depositContractOnly
FNDA:46,initialize
FNDA:1,changeVotingInterval
FNDA:1,changeProposalStakingAmount
FNDA:0,setInterestReceivers
FNDA:48,noLossDeposit
FNDA:6,noLossWithdraw
FNDA:34,noLossCreateProposal
FNDA:4,noLossWithdrawProposal
FNDA:24,_resetUsersVotingCreditIfFirstVoteThisIteration
FNDA:8,delegateVoting
FNDA:19,voteDirect
FNDA:5,voteProxy
FNDA:24,_vote
FNDA:49,distributeFunds
DA:97,6
DA:98,2
DA:102,46
DA:106,42
DA:110,14
DA:114,8
DA:118,28
DA:119,26
DA:120,24
DA:127,46
DA:131,36
DA:135,16
DA:139,12
DA:143,52
DA:147,50
DA:151,56
DA:152,54
DA:156,58
DA:160,54
DA:164,19
DA:168,11
DA:175,32
DA:179,28
DA:183,12
DA:187,4
DA:190,69
DA:191,49
DA:195,116
DA:199,112
DA:209,46
DA:210,46
DA:211,46
DA:212,46
DA:213,46
DA:214,46
DA:216,46
DA:226,1
DA:232,1
DA:240,0
DA:244,0
DA:245,0
DA:246,0
DA:248,0
DA:250,0
DA:251,0
DA:252,0
DA:273,48
DA:274,48
DA:287,6
DA:288,6
DA:299,34
DA:301,34
DA:302,34
DA:303,34
DA:304,34
DA:305,34
DA:306,34
DA:307,34
DA:322,4
DA:323,4
DA:324,4
DA:325,4
DA:326,4
DA:338,24
DA:339,18
DA:352,8
DA:353,8
DA:371,19
DA:372,17
DA:399,5
DA:400,5
DA:419,24
DA:420,24
DA:421,24
DA:422,24
DA:424,22
DA:427,22
DA:431,22
DA:436,22
DA:440,15
DA:452,49
DA:455,49
DA:462,49
DA:463,49
DA:465,49
LF:85
LH:77
BRDA:97,1,0,2
BRDA:97,1,1,4
BRDA:102,2,0,42
BRDA:102,2,1,4
BRDA:110,3,0,8
BRDA:110,3,1,6
BRDA:118,4,0,26
BRDA:118,4,1,2
BRDA:119,5,0,24
BRDA:119,5,1,2
BRDA:127,6,0,36
BRDA:127,6,1,10
BRDA:135,7,0,12
BRDA:135,7,1,4
BRDA:143,8,0,50
BRDA:143,8,1,2
BRDA:151,9,0,54
BRDA:151,9,1,2
BRDA:156,10,0,54
BRDA:156,10,1,4
BRDA:164,11,0,11
BRDA:164,11,1,8
BRDA:175,12,0,28
BRDA:175,12,1,4
BRDA:183,13,0,4
BRDA:183,13,1,8
BRDA:190,14,0,49
BRDA:190,14,1,20
BRDA:195,15,0,112
BRDA:195,15,1,4
BRDA:240,16,0,0
BRDA:240,16,1,0
BRDA:248,17,0,0
BRDA:248,17,1,0
BRDA:338,18,0,18
BRDA:338,18,1,6
BRDA:436,19,0,15
BRDA:436,19,1,7
BRF:38
BRH:34
end_of_record
TN:
SF:/Users/johanthan/Code/hackathons/DemocracyDAOv1/contracts/PoolDeposits.sol
FN:64,emergencyEnacted
FN:75,noEmergencyVoteYet
FN:82,stableState
FN:86,emergencyState
FN:91,eligibleToEmergencyVote
FN:103,noLossDaoContractOnly
FN:111,allowanceAvailable
FN:119,requiredDai
FN:127,blankUser
FN:132,userStaked
FN:137,thresholdAmount
FN:145,validInterestSplitInput
FN:159,constructor
FN:182,changeProposalAmount
FN:190,usersVotingCredit
FN:196,_depositFunds
FN:210,_withdrawFunds
FN:223,deposit
FN:239,withdrawDeposit
FN:247,createProposal
FN:265,withdrawProposal
FN:274,distributeInterest
FN:309,declareStateOfEmergency
FN:320,emergencyWithdraw
FN:327,voteEmergency
FN:339,_removeEmergencyVote
FNF:26
FNH:26
FNDA:9,emergencyEnacted
FNDA:16,noEmergencyVoteYet
FNDA:86,stableState
FNDA:9,emergencyState
FNDA:14,eligibleToEmergencyVote
FNDA:50,noLossDaoContractOnly
FNDA:94,allowanceAvailable
FNDA:90,requiredDai
FNDA:100,blankUser
FNDA:41,userStaked
FNDA:50,thresholdAmount
FNDA:49,validInterestSplitInput
FNDA:46,constructor
FNDA:1,changeProposalAmount
FNDA:21,usersVotingCredit
FNDA:82,_depositFunds
FNDA:35,_withdrawFunds
FNDA:48,deposit
FNDA:14,withdrawDeposit
FNDA:34,createProposal
FNDA:16,withdrawProposal
FNDA:49,distributeInterest
FNDA:3,declareStateOfEmergency
FNDA:5,emergencyWithdraw
FNDA:10,voteEmergency
FNDA:35,_removeEmergencyVote
DA:65,9
DA:69,5
DA:73,3
DA:76,16
DA:80,14
DA:83,86
DA:84,82
DA:87,9
DA:88,5
DA:92,14
DA:96,10
DA:104,50
DA:108,50
DA:112,94
DA:116,90
DA:120,90
DA:124,86
DA:128,100
DA:129,94
DA:133,41
DA:134,39
DA:138,50
DA:142,50
DA:149,49
DA:153,49
DA:170,46
DA:171,46
DA:172,46
DA:173,46
DA:174,46
DA:175,46
DA:176,46
DA:177,46
DA:186,1
DA:191,21
DA:197,82
DA:198,82
DA:200,82
DA:201,82
DA:202,82
DA:204,82
DA:205,82
DA:206,82
DA:211,35
DA:212,35
DA:214,35
DA:215,35
DA:217,35
DA:218,35
DA:231,48
DA:232,48
DA:233,48
DA:240,14
DA:241,14
DA:242,6
DA:255,34
DA:256,34
DA:260,34
DA:261,34
DA:266,16
DA:267,16
DA:268,4
DA:284,49
DA:287,49
DA:289,49
DA:290,49
DA:291,49
DA:292,49
DA:293,49
DA:294,49
DA:297,49
DA:300,49
DA:301,49
DA:310,3
DA:311,3
DA:321,5
DA:322,5
DA:333,10
DA:334,10
DA:335,10
DA:340,35
DA:341,35
DA:342,35
DA:343,4
DA:346,4
LF:85
LH:85
BRDA:65,1,0,5
BRDA:65,1,1,4
BRDA:69,2,0,3
BRDA:69,2,1,2
BRDA:76,3,0,14
BRDA:76,3,1,2
BRDA:83,4,0,82
BRDA:83,4,1,4
BRDA:87,5,0,5
BRDA:87,5,1,4
BRDA:92,6,0,10
BRDA:92,6,1,4
BRDA:104,7,0,50
BRDA:104,7,1,0
BRDA:112,8,0,90
BRDA:112,8,1,4
BRDA:120,9,0,86
BRDA:120,9,1,4
BRDA:128,10,0,94
BRDA:128,10,1,6
BRDA:133,11,0,39
BRDA:133,11,1,2
BRDA:138,12,0,50
BRDA:138,12,1,0
BRDA:149,13,0,49
BRDA:149,13,1,0
BRDA:342,14,0,4
BRDA:342,14,1,31
BRF:28
BRH:25
end_of_record
