TN:
SF:/Users/jonjon/Code/learning/DemocracyDAOv1/contracts/interfaces/IAaveLendingPool.sol
FNF:0
FNH:0
LF:0
LH:0
BRF:0
BRH:0
end_of_record
TN:
SF:/Users/jonjon/Code/learning/DemocracyDAOv1/contracts/interfaces/IADai.sol
FNF:0
FNH:0
LF:0
LH:0
BRF:0
BRH:0
end_of_record
TN:
SF:/Users/jonjon/Code/learning/DemocracyDAOv1/contracts/interfaces/IERC20.sol
FNF:0
FNH:0
LF:0
LH:0
BRF:0
BRH:0
end_of_record
TN:
SF:/Users/jonjon/Code/learning/DemocracyDAOv1/contracts/interfaces/ILendingPoolAddressesProvider.sol
FNF:0
FNH:0
LF:0
LH:0
BRF:0
BRH:0
end_of_record
TN:
SF:/Users/jonjon/Code/learning/DemocracyDAOv1/contracts/interfaces/INoLossDao.sol
FNF:0
FNH:0
LF:0
LH:0
BRF:0
BRH:0
end_of_record
TN:
SF:/Users/jonjon/Code/learning/DemocracyDAOv1/contracts/interfaces/IPoolDeposits.sol
FN:7,usersVotingCreditAndVoteIncentiveState
FNF:1
FNH:0
FNDA:0,usersVotingCreditAndVoteIncentiveState
LF:0
LH:0
BRF:0
BRH:0
end_of_record
TN:
SF:/Users/jonjon/Code/learning/DemocracyDAOv1/contracts/mocks/AaveLendingPool.sol
FN:15,constructor
FN:20,deposit
FNF:2
FNH:2
FNDA:47,constructor
FNDA:87,deposit
DA:16,47
DA:17,47
DA:26,87
DA:28,87
DA:33,87
LF:5
LH:5
BRF:0
BRH:0
end_of_record
TN:
SF:/Users/jonjon/Code/learning/DemocracyDAOv1/contracts/mocks/ADai.sol
FN:14,constructor
FN:21,redeem
FNF:2
FNH:2
FNDA:47,constructor
FNDA:40,redeem
DA:18,47
DA:24,40
DA:26,40
LF:3
LH:3
BRF:0
BRH:0
end_of_record
TN:
SF:/Users/jonjon/Code/learning/DemocracyDAOv1/contracts/mocks/LendingPoolAddressesProvider.sol
FN:10,constructor
FN:14,getLendingPool
FN:18,getLendingPoolCore
FNF:3
FNH:3
FNDA:47,constructor
FNDA:87,getLendingPool
FNDA:87,getLendingPoolCore
DA:11,47
DA:15,87
DA:19,87
LF:3
LH:3
BRF:0
BRH:0
end_of_record
TN:
SF:/Users/jonjon/Code/learning/DemocracyDAOv1/contracts/mocks/MockERC20.sol
FN:18,constructor
FN:30,mint
FN:35,burnFrom
FN:39,approve
FN:44,transfer
FN:50,allowance
FN:58,transferFrom
FN:67,balanceOf
FNF:8
FNH:8
FNDA:94,constructor
FNDA:216,mint
FNDA:127,burnFrom
FNDA:177,approve
FNDA:40,transfer
FNDA:100,allowance
FNDA:87,transferFrom
FNDA:157,balanceOf
DA:24,94
DA:25,94
DA:26,94
DA:27,94
DA:31,216
DA:32,216
DA:36,127
DA:40,177
DA:41,177
DA:45,40
DA:46,40
DA:47,40
DA:55,100
DA:62,87
DA:63,87
DA:64,87
DA:68,157
LF:17
LH:17
BRF:0
BRH:0
end_of_record
TN:
SF:/Users/jonjon/Code/learning/DemocracyDAOv1/contracts/NoLossDao_v0.sol
FN:98,onlyAdmin
FN:103,userStaked
FN:111,noVoteYet
FN:119,quadraticCorrect
FN:125,noVoteYetOnThisProposal
FN:136,userHasActiveProposal
FN:144,userHasNoActiveProposal
FN:152,userHasNoProposal
FN:157,proposalActive
FN:165,proxyRight
FN:173,isEligibleToVote
FN:192,joinedInTime
FN:200,lockInFulfilled
FN:207,iterationElapsed
FN:212,depositContractOnly
FN:223,initialize
FN:241,changeVotingInterval
FN:247,changeProposalStakingAmount
FN:253,setWhiteListVotingOnly
FN:259,whiteListUsers
FN:268,blackListUsers
FN:277,_isEligibleToVote
FN:294,noLossDeposit
FN:307,noLossWithdraw
FN:322,noLossCreateProposal
FN:342,noLossWithdrawProposal
FN:362,_resetUsersVotingCreditIfFirstVoteThisIteration
FN:404,delegateVoting
FN:416,voteDirect
FN:443,voteProxy
FN:473,_vote
FN:558,distributeFunds
FNF:32
FNH:29
FNDA:6,onlyAdmin
FNDA:49,userStaked
FNDA:14,noVoteYet
FNDA:31,quadraticCorrect
FNDA:49,noVoteYetOnThisProposal
FNDA:16,userHasActiveProposal
FNDA:55,userHasNoActiveProposal
FNDA:60,userHasNoProposal
FNDA:61,proposalActive
FNDA:19,proxyRight
FNDA:22,isEligibleToVote
FNDA:35,joinedInTime
FNDA:12,lockInFulfilled
FNDA:73,iterationElapsed
FNDA:121,depositContractOnly
FNDA:47,initialize
FNDA:1,changeVotingInterval
FNDA:1,changeProposalStakingAmount
FNDA:0,setWhiteListVotingOnly
FNDA:0,whiteListUsers
FNDA:0,blackListUsers
FNDA:27,_isEligibleToVote
FNDA:52,noLossDeposit
FNDA:6,noLossWithdraw
FNDA:35,noLossCreateProposal
FNDA:4,noLossWithdrawProposal
FNDA:27,_resetUsersVotingCreditIfFirstVoteThisIteration
FNDA:8,delegateVoting
FNDA:22,voteDirect
FNDA:5,voteProxy
FNDA:27,_vote
FNDA:51,distributeFunds
DA:99,6
DA:100,2
DA:104,49
DA:108,45
DA:112,14
DA:116,8
DA:120,31
DA:121,29
DA:122,27
DA:129,49
DA:133,39
DA:137,16
DA:141,12
DA:145,55
DA:149,53
DA:153,60
DA:154,58
DA:158,61
DA:162,57
DA:166,19
DA:170,11
DA:174,22
DA:175,22
DA:193,35
DA:197,31
DA:201,12
DA:205,4
DA:208,73
DA:209,51
DA:213,121
DA:217,117
DA:227,47
DA:228,47
DA:229,47
DA:230,47
DA:232,47
DA:242,1
DA:248,1
DA:254,0
DA:263,0
DA:264,0
DA:272,0
DA:273,0
DA:278,27
DA:279,0
DA:300,52
DA:301,52
DA:314,6
DA:315,6
DA:326,35
DA:328,35
DA:329,35
DA:330,35
DA:331,35
DA:332,35
DA:333,35
DA:334,35
DA:349,4
DA:350,4
DA:351,4
DA:352,4
DA:353,4
DA:365,27
DA:366,21
DA:367,21
DA:376,21
DA:378,21
DA:386,21
DA:390,5
DA:394,5
DA:410,8
DA:411,8
DA:430,22
DA:431,20
DA:458,5
DA:459,5
DA:460,5
DA:479,27
DA:480,27
DA:481,27
DA:483,25
DA:486,25
DA:490,25
DA:495,25
DA:499,17
DA:559,51
DA:562,51
DA:565,51
DA:566,7
DA:569,51
DA:570,51
DA:572,51
LF:92
LH:86
BRDA:99,1,0,2
BRDA:99,1,1,4
BRDA:104,2,0,45
BRDA:104,2,1,4
BRDA:112,3,0,8
BRDA:112,3,1,6
BRDA:120,4,0,29
BRDA:120,4,1,2
BRDA:121,5,0,27
BRDA:121,5,1,2
BRDA:129,6,0,39
BRDA:129,6,1,10
BRDA:137,7,0,12
BRDA:137,7,1,4
BRDA:145,8,0,53
BRDA:145,8,1,2
BRDA:153,9,0,58
BRDA:153,9,1,2
BRDA:158,10,0,57
BRDA:158,10,1,4
BRDA:166,11,0,11
BRDA:166,11,1,8
BRDA:193,12,0,31
BRDA:193,12,1,4
BRDA:201,13,0,4
BRDA:201,13,1,8
BRDA:208,14,0,51
BRDA:208,14,1,22
BRDA:213,15,0,117
BRDA:213,15,1,4
BRDA:278,16,0,0
BRDA:278,16,1,27
BRDA:279,17,0,0
BRDA:279,17,1,0
BRDA:365,18,0,21
BRDA:365,18,1,6
BRDA:386,19,0,5
BRDA:386,19,1,16
BRDA:495,20,0,17
BRDA:495,20,1,8
BRDA:565,21,0,7
BRDA:565,21,1,44
BRF:42
BRH:39
end_of_record
TN:
SF:/Users/jonjon/Code/learning/DemocracyDAOv1/contracts/PoolDeposits.sol
FN:64,emergencyEnacted
FN:75,noEmergencyVoteYet
FN:82,stableState
FN:86,emergencyState
FN:91,eligibleToEmergencyVote
FN:103,noLossDaoContractOnly
FN:111,allowanceAvailable
FN:119,requiredDai
FN:127,blankUser
FN:132,userStaked
FN:137,thresholdAmount
FN:145,validInterestSplitInput
FN:159,constructor
FN:182,changeProposalAmount
FN:190,usersVotingCreditAndVoteIncentiveState
FN:204,_depositFunds
FN:218,_withdrawFunds
FN:231,deposit
FN:247,withdrawDeposit
FN:255,createProposal
FN:273,withdrawProposal
FN:279,interestAvailable
FN:285,payoutVotingIncentive
FN:304,declareStateOfEmergency
FN:315,emergencyWithdraw
FN:322,voteEmergency
FN:334,_removeEmergencyVote
FNF:27
FNH:26
FNDA:9,emergencyEnacted
FNDA:16,noEmergencyVoteYet
FNDA:91,stableState
FNDA:9,emergencyState
FNDA:14,eligibleToEmergencyVote
FNDA:6,noLossDaoContractOnly
FNDA:99,allowanceAvailable
FNDA:95,requiredDai
FNDA:105,blankUser
FNDA:41,userStaked
FNDA:54,thresholdAmount
FNDA:0,validInterestSplitInput
FNDA:47,constructor
FNDA:1,changeProposalAmount
FNDA:26,usersVotingCreditAndVoteIncentiveState
FNDA:87,_depositFunds
FNDA:35,_withdrawFunds
FNDA:52,deposit
FNDA:14,withdrawDeposit
FNDA:35,createProposal
FNDA:16,withdrawProposal
FNDA:57,interestAvailable
FNDA:5,payoutVotingIncentive
FNDA:3,declareStateOfEmergency
FNDA:5,emergencyWithdraw
FNDA:10,voteEmergency
FNDA:35,_removeEmergencyVote
DA:65,9
DA:69,5
DA:73,3
DA:76,16
DA:80,14
DA:83,91
DA:84,87
DA:87,9
DA:88,5
DA:92,14
DA:96,10
DA:104,6
DA:108,6
DA:112,99
DA:116,95
DA:120,95
DA:124,91
DA:128,105
DA:129,99
DA:133,41
DA:134,39
DA:138,54
DA:142,54
DA:149,0
DA:153,0
DA:170,47
DA:171,47
DA:172,47
DA:173,47
DA:174,47
DA:175,47
DA:176,47
DA:177,47
DA:186,1
DA:195,26
DA:205,87
DA:206,87
DA:208,87
DA:209,87
DA:210,87
DA:212,87
DA:213,87
DA:214,87
DA:219,35
DA:220,35
DA:222,35
DA:223,35
DA:225,35
DA:226,35
DA:239,52
DA:240,52
DA:241,52
DA:248,14
DA:249,14
DA:250,6
DA:263,35
DA:264,35
DA:268,35
DA:269,35
DA:274,16
DA:275,16
DA:276,4
DA:280,57
DA:289,5
DA:293,5
DA:295,5
DA:296,5
DA:305,3
DA:306,3
DA:316,5
DA:317,5
DA:328,10
DA:329,10
DA:330,10
DA:335,35
DA:336,35
DA:337,35
DA:338,4
DA:341,4
LF:79
LH:77
BRDA:65,1,0,5
BRDA:65,1,1,4
BRDA:69,2,0,3
BRDA:69,2,1,2
BRDA:76,3,0,14
BRDA:76,3,1,2
BRDA:83,4,0,87
BRDA:83,4,1,4
BRDA:87,5,0,5
BRDA:87,5,1,4
BRDA:92,6,0,10
BRDA:92,6,1,4
BRDA:104,7,0,6
BRDA:104,7,1,0
BRDA:112,8,0,95
BRDA:112,8,1,4
BRDA:120,9,0,91
BRDA:120,9,1,4
BRDA:128,10,0,99
BRDA:128,10,1,6
BRDA:133,11,0,39
BRDA:133,11,1,2
BRDA:138,12,0,54
BRDA:138,12,1,0
BRDA:149,13,0,0
BRDA:149,13,1,0
BRDA:289,14,0,5
BRDA:289,14,1,0
BRDA:337,15,0,4
BRDA:337,15,1,31
BRF:30
BRH:25
end_of_record
